npm warn deprecated npmlog@5.0.1: This package is no longer supported.
npm warn deprecated are-we-there-yet@2.0.0: This package is no longer supported.
npm warn deprecated gauge@3.0.2: This package is no longer supported.
npm warn cleanup Failed to remove some directories [
npm warn cleanup   [
npm warn cleanup     'C:\\GplusApp_backup\\node_modules\\@mapbox\\node-pre-gyp',
npm warn cleanup     [Error: EPERM: operation not permitted, rmdir 'C:\GplusApp_backup\node_modules\@mapbox\node-pre-gyp\node_modules\make-dir'] {
npm warn cleanup       errno: -4048,
npm warn cleanup       code: 'EPERM',
npm warn cleanup       syscall: 'rmdir',
npm warn cleanup       path: 'C:\\GplusApp_backup\\node_modules\\@mapbox\\node-pre-gyp\\node_modules\\make-dir'
npm warn cleanup     }
npm warn cleanup   ]
npm warn cleanup ]

added 10 packages, changed 4 packages, and audited 1303 packages in 23s

252 packages are looking for funding
  run `npm fund` for details

7 vulnerabilities (2 moderate, 3 high, 2 critical)

To address all issues (including breaking changes), run:
  npm audit fix --force

Run `npm audit` for details.
