npm warn config optional Use `--omit=optional` to exclude optional dependencies, or
npm warn config `--include=optional` to include them.
npm warn config
npm warn config       Default value does install optional deps unless otherwise omitted.
npm warn ERESOLVE overriding peer dependency
npm warn While resolving: @vitest/mocker@3.2.4
npm warn Found: vite@4.5.14
npm warn node_modules/vite
npm warn   dev vite@"^4.1.0" from the root project
npm warn   1 more (@vitejs/plugin-react)
npm warn
npm warn Could not resolve dependency:
npm warn peerOptional vite@"^5.0.0 || ^6.0.0 || ^7.0.0-0" from @vitest/mocker@3.2.4
npm warn node_modules/@vitest/mocker
npm warn   @vitest/mocker@"3.2.4" from vitest@3.2.4
npm warn   node_modules/vitest
npm warn
npm warn Conflicting peer dependency: vite@7.1.11
npm warn node_modules/vite
npm warn   peerOptional vite@"^5.0.0 || ^6.0.0 || ^7.0.0-0" from @vitest/mocker@3.2.4
npm warn   node_modules/@vitest/mocker
npm warn     @vitest/mocker@"3.2.4" from vitest@3.2.4
npm warn     node_modules/vitest
npm warn deprecated inflight@1.0.6: This module is not supported, and leaks memory. Do not use it. Check out lru-cache if you want a good and tested way to coalesce async requests by a key value, which is much more comprehensive and powerful.
npm warn deprecated @humanwhocodes/config-array@0.13.0: Use @eslint/config-array instead
npm warn deprecated rimraf@3.0.2: Rimraf versions prior to v4 are no longer supported
npm warn deprecated glob@7.2.3: Glob versions prior to v9 are no longer supported
npm warn deprecated rollup-plugin-terser@7.0.2: This package has been deprecated and is no longer maintained. Please use @rollup/plugin-terser
npm warn deprecated abab@2.0.6: Use your platform's native atob() and btoa() methods instead
npm warn deprecated domexception@1.0.1: Use your platform's native DOMException instead
npm warn deprecated @humanwhocodes/object-schema@2.0.3: Use @eslint/object-schema instead
npm warn deprecated sourcemap-codec@1.4.8: Please use @jridgewell/sourcemap-codec instead
npm warn deprecated domexception@4.0.0: Use your platform's native DOMException instead
npm warn deprecated source-map@0.8.0-beta.0: The work that was done in this beta branch won't be included in future versions
npm warn deprecated workbox-cacheable-response@6.6.0: workbox-background-sync@6.6.0
npm warn deprecated workbox-google-analytics@6.6.0: It is not compatible with newer versions of GA starting with v4, as long as you are using GAv3 it should be ok, but the package is not longer being maintained
npm warn deprecated eslint@8.57.1: This version is no longer supported. Please see https://eslint.org/version-support for other options.

added 1299 packages, and audited 1301 packages in 2m

248 packages are looking for funding
  run `npm fund` for details

9 vulnerabilities (2 low, 2 moderate, 3 high, 2 critical)

To address all issues (including breaking changes), run:
  npm audit fix --force

Run `npm audit` for details.
