2025-09-28 18:44:46 [INFO] path=/api/v1/pickups/ method=POST status_code=200 cache_hit=unknown duration=35.88ms
2025-09-28 18:44:47 [INFO] path=/api/v1/pickups/admin method=GET status_code=403 cache_hit=unknown duration=7.58ms
2025-09-28 18:44:47 [INFO] path=/api/v1/pickups/timeslots method=GET status_code=200 cache_hit=unknown duration=20.59ms
2025-09-28 18:44:47 [INFO] path=/api/v1/pickups/1 method=GET status_code=200 cache_hit=unknown duration=20.54ms
2025-09-28 18:44:47 [INFO] path=/api/v1/pickups/1 method=PUT status_code=200 cache_hit=unknown duration=30.76ms
2025-09-28 18:44:48 [INFO] path=/api/v1/pickups/5 method=DELETE status_code=200 cache_hit=unknown duration=27.04ms
2025-09-28 18:44:48 [INFO] path=/api/v1/pickups/5 method=GET status_code=403 cache_hit=unknown duration=10.47ms
2025-09-28 18:44:48 [INFO] path=/api/v1/pickups/5 method=PUT status_code=403 cache_hit=unknown duration=13.38ms
2025-09-28 18:44:48 [INFO] path=/api/v1/pickups/5 method=DELETE status_code=403 cache_hit=unknown duration=2.00ms
2025-09-28 18:49:16 [INFO] path=/api/v1/pickups/ method=POST status_code=200 cache_hit=unknown duration=25.83ms
2025-09-28 18:49:17 [INFO] path=/api/v1/pickups/admin method=GET status_code=403 cache_hit=unknown duration=6.77ms
2025-09-28 18:49:17 [INFO] path=/api/v1/pickups/timeslots method=GET status_code=200 cache_hit=unknown duration=20.51ms
2025-09-28 18:49:17 [INFO] path=/api/v1/pickups/1 method=GET status_code=200 cache_hit=unknown duration=16.29ms
2025-09-28 18:49:17 [INFO] path=/api/v1/pickups/1 method=PUT status_code=200 cache_hit=unknown duration=19.25ms
2025-09-28 18:49:17 [INFO] path=/api/v1/pickups/5 method=DELETE status_code=200 cache_hit=unknown duration=19.23ms
2025-09-28 18:49:17 [INFO] path=/api/v1/pickups/5 method=GET status_code=403 cache_hit=unknown duration=8.00ms
2025-09-28 18:49:17 [INFO] path=/api/v1/pickups/5 method=PUT status_code=403 cache_hit=unknown duration=9.14ms
2025-09-28 18:49:17 [INFO] path=/api/v1/pickups/5 method=DELETE status_code=403 cache_hit=unknown duration=10.21ms
2025-09-28 18:51:10 [INFO] path=/api/v1/pickups/ method=POST status_code=200 cache_hit=unknown duration=42.35ms
2025-09-28 18:51:12 [INFO] path=/api/v1/pickups/admin method=GET status_code=403 cache_hit=unknown duration=7.67ms
2025-09-28 18:51:12 [INFO] path=/api/v1/pickups/timeslots method=GET status_code=200 cache_hit=unknown duration=23.99ms
2025-09-28 18:51:12 [INFO] path=/api/v1/pickups/1 method=GET status_code=200 cache_hit=unknown duration=13.20ms
2025-09-28 18:51:12 [INFO] path=/api/v1/pickups/1 method=PUT status_code=200 cache_hit=unknown duration=21.40ms
2025-09-28 18:51:12 [INFO] path=/api/v1/pickups/5 method=DELETE status_code=200 cache_hit=unknown duration=17.05ms
2025-09-28 18:51:12 [INFO] path=/api/v1/pickups/5 method=GET status_code=403 cache_hit=unknown duration=8.64ms
2025-09-28 18:51:12 [INFO] path=/api/v1/pickups/5 method=PUT status_code=403 cache_hit=unknown duration=16.12ms
2025-09-28 18:51:12 [INFO] path=/api/v1/pickups/5 method=DELETE status_code=403 cache_hit=unknown duration=0.00ms
2025-09-28 18:52:59 [INFO] path=/api/v1/pickups/ method=POST status_code=200 cache_hit=unknown duration=32.08ms
2025-09-28 18:53:00 [INFO] path=/api/v1/pickups/admin method=GET status_code=403 cache_hit=unknown duration=2.61ms
2025-09-28 18:53:00 [INFO] path=/api/v1/pickups/timeslots method=GET status_code=200 cache_hit=unknown duration=24.91ms
2025-09-28 18:53:00 [INFO] path=/api/v1/pickups/1 method=GET status_code=200 cache_hit=unknown duration=20.53ms
2025-09-28 18:53:00 [INFO] path=/api/v1/pickups/1 method=PUT status_code=200 cache_hit=unknown duration=26.67ms
2025-09-28 18:53:01 [INFO] path=/api/v1/pickups/5 method=DELETE status_code=200 cache_hit=unknown duration=19.77ms
2025-09-28 18:53:01 [INFO] path=/api/v1/pickups/5 method=GET status_code=403 cache_hit=unknown duration=9.19ms
2025-09-28 18:53:01 [INFO] path=/api/v1/pickups/5 method=PUT status_code=403 cache_hit=unknown duration=21.23ms
2025-09-28 18:53:01 [INFO] path=/api/v1/pickups/5 method=DELETE status_code=403 cache_hit=unknown duration=12.60ms
2025-09-29 06:05:39 [INFO] path=/api/v1 method=GET status_code=404 cache_hit=unknown duration=0.99ms
2025-09-29 06:05:55 [INFO] path=/api/v1/health method=GET status_code=404 cache_hit=unknown duration=1.03ms
2025-09-29 06:32:08 [INFO] path=/api/v1 method=GET status_code=404 cache_hit=unknown duration=0.99ms
2025-09-29 06:32:32 [INFO] path=/api/v1/auth/login method=GET status_code=405 cache_hit=unknown duration=0.00ms
2025-09-29 06:33:37 [INFO] path=/api/v1/companies method=GET status_code=307 cache_hit=unknown duration=1.00ms
2025-09-29 06:33:46 [INFO] path=/api/v1 method=GET status_code=404 cache_hit=unknown duration=2.23ms
2025-09-29 06:40:37 [INFO] path=/api/v1 method=GET status_code=404 cache_hit=unknown duration=1.00ms
2025-09-29 20:19:46 [INFO] path=/api/v1-test method=GET status_code=404 cache_hit=unknown duration=1.00ms
