2025-09-28 17:31:58 [INFO] Connected to Redis cache at redis://localhost:6379/0
2025-09-28 17:31:58 [INFO] Connected to Redis cache at redis://localhost:6379/0
2025-09-28 17:32:14 [INFO] Connected to Redis cache at redis://localhost:6379/0
2025-09-28 17:32:14 [INFO] Connected to Redis cache at redis://localhost:6379/0
2025-09-28 17:32:27 [INFO] Connected to Redis cache at redis://localhost:6379/0
2025-09-28 17:32:28 [INFO] Connected to Redis cache at redis://localhost:6379/0
2025-09-28 17:33:03 [INFO] Connected to Redis cache at redis://localhost:6379/0
2025-09-28 17:33:03 [INFO] Connected to Redis cache at redis://localhost:6379/0
2025-09-28 17:33:22 [INFO] Connected to Redis cache at redis://localhost:6379/0
2025-09-28 17:33:22 [INFO] Connected to Redis cache at redis://localhost:6379/0
2025-09-28 17:34:01 [INFO] Connected to Redis cache at redis://localhost:6379/0
2025-09-28 17:34:02 [INFO] Connected to Redis cache at redis://localhost:6379/0
2025-09-28 17:35:19 [INFO] Connected to Redis cache at redis://localhost:6379/0
2025-09-28 17:35:44 [INFO] Connected to Redis cache at redis://localhost:6379/0
2025-09-28 17:35:44 [INFO] Connected to Redis cache at redis://localhost:6379/0
2025-09-28 17:36:00 [INFO] Connected to Redis cache at redis://localhost:6379/0
2025-09-28 17:36:00 [INFO] Connected to Redis cache at redis://localhost:6379/0
2025-09-28 17:36:37 [INFO] Connected to Redis cache at redis://localhost:6379/0
2025-09-28 17:36:37 [INFO] Connected to Redis cache at redis://localhost:6379/0
2025-09-28 17:37:10 [INFO] Connected to Redis cache at redis://localhost:6379/0
2025-09-28 17:37:10 [INFO] Connected to Redis cache at redis://localhost:6379/0
2025-09-28 17:38:03 [INFO] Connected to Redis cache at redis://localhost:6379/0
2025-09-28 17:38:03 [INFO] Connected to Redis cache at redis://localhost:6379/0
2025-09-28 17:38:25 [INFO] Connected to Redis cache at redis://localhost:6379/0
2025-09-28 17:38:25 [INFO] Connected to Redis cache at redis://localhost:6379/0
2025-09-28 17:39:02 [INFO] Connected to Redis cache at redis://localhost:6379/0
2025-09-28 17:39:02 [INFO] Connected to Redis cache at redis://localhost:6379/0
2025-09-28 17:39:25 [INFO] Connected to Redis cache at redis://localhost:6379/0
2025-09-28 17:39:33 [INFO] Connected to Redis cache at redis://localhost:6379/0
2025-09-28 17:39:36 [INFO] Connected to Redis cache at redis://localhost:6379/0
2025-09-28 17:39:41 [INFO] Connected to Redis cache at redis://localhost:6379/0
2025-09-28 17:40:23 [INFO] Connected to Redis cache at redis://localhost:6379/0
2025-09-28 17:40:23 [INFO] Connected to Redis cache at redis://localhost:6379/0
2025-09-28 18:15:59 [INFO] Connected to Redis cache at redis://localhost:6379/0
2025-09-28 18:16:31 [INFO] Connected to Redis cache at redis://localhost:6379/0
2025-09-28 18:16:31 [INFO] Connected to Redis cache at redis://localhost:6379/0
2025-09-28 18:16:57 [INFO] Connected to Redis cache at redis://localhost:6379/0
2025-09-28 18:16:57 [INFO] Connected to Redis cache at redis://localhost:6379/0
2025-09-28 18:17:27 [INFO] Connected to Redis cache at redis://localhost:6379/0
2025-09-28 18:17:27 [INFO] Connected to Redis cache at redis://localhost:6379/0
2025-09-28 18:18:04 [INFO] Connected to Redis cache at redis://localhost:6379/0
2025-09-28 18:18:04 [INFO] Connected to Redis cache at redis://localhost:6379/0
2025-09-28 18:18:11 [INFO] Connected to Redis cache at redis://localhost:6379/0
2025-09-28 18:18:12 [INFO] Connected to Redis cache at redis://localhost:6379/0
2025-09-28 18:18:27 [INFO] Connected to Redis cache at redis://localhost:6379/0
2025-09-28 18:18:54 [INFO] Connected to Redis cache at redis://localhost:6379/0
2025-09-28 18:18:54 [INFO] Connected to Redis cache at redis://localhost:6379/0
2025-09-28 18:19:00 [INFO] Connected to Redis cache at redis://localhost:6379/0
2025-09-28 18:19:00 [INFO] Connected to Redis cache at redis://localhost:6379/0
2025-09-28 18:19:13 [INFO] Connected to Redis cache at redis://localhost:6379/0
2025-09-28 18:19:13 [INFO] Connected to Redis cache at redis://localhost:6379/0
2025-09-28 18:19:46 [INFO] Connected to Redis cache at redis://localhost:6379/0
2025-09-28 18:19:46 [INFO] Connected to Redis cache at redis://localhost:6379/0
2025-09-28 18:19:57 [INFO] Connected to Redis cache at redis://localhost:6379/0
2025-09-28 18:19:57 [INFO] Connected to Redis cache at redis://localhost:6379/0
2025-09-28 18:20:05 [INFO] Connected to Redis cache at redis://localhost:6379/0
2025-09-28 18:20:05 [INFO] Connected to Redis cache at redis://localhost:6379/0
2025-09-28 18:20:12 [INFO] Connected to Redis cache at redis://localhost:6379/0
2025-09-28 18:20:32 [INFO] Connected to Redis cache at redis://localhost:6379/0
2025-09-28 18:20:32 [INFO] Connected to Redis cache at redis://localhost:6379/0
2025-09-28 18:20:52 [INFO] Connected to Redis cache at redis://localhost:6379/0
2025-09-28 18:22:26 [INFO] Connected to Redis cache at redis://localhost:6379/0
2025-09-28 18:22:26 [INFO] Connected to Redis cache at redis://localhost:6379/0
2025-09-28 18:22:47 [INFO] Connected to Redis cache at redis://localhost:6379/0
2025-09-28 18:22:47 [INFO] Connected to Redis cache at redis://localhost:6379/0
2025-09-28 18:23:28 [INFO] Connected to Redis cache at redis://localhost:6379/0
2025-09-28 18:23:28 [INFO] Connected to Redis cache at redis://localhost:6379/0
2025-09-28 18:23:34 [INFO] Connected to Redis cache at redis://localhost:6379/0
2025-09-28 18:23:34 [INFO] Connected to Redis cache at redis://localhost:6379/0
2025-09-28 18:23:49 [INFO] Connected to Redis cache at redis://localhost:6379/0
2025-09-28 18:24:14 [INFO] Connected to Redis cache at redis://localhost:6379/0
2025-09-28 18:24:14 [INFO] Connected to Redis cache at redis://localhost:6379/0
2025-09-28 18:24:41 [INFO] Connected to Redis cache at redis://localhost:6379/0
2025-09-28 18:24:41 [INFO] Connected to Redis cache at redis://localhost:6379/0
2025-09-28 18:24:47 [INFO] Connected to Redis cache at redis://localhost:6379/0
2025-09-28 18:24:47 [INFO] Connected to Redis cache at redis://localhost:6379/0
2025-09-28 18:25:03 [INFO] Connected to Redis cache at redis://localhost:6379/0
2025-09-28 18:25:03 [INFO] Connected to Redis cache at redis://localhost:6379/0
2025-09-28 18:25:15 [INFO] Connected to Redis cache at redis://localhost:6379/0
2025-09-28 18:25:15 [INFO] Connected to Redis cache at redis://localhost:6379/0
2025-09-28 18:25:25 [INFO] Connected to Redis cache at redis://localhost:6379/0
2025-09-28 18:25:48 [INFO] Connected to Redis cache at redis://localhost:6379/0
2025-09-28 18:25:50 [INFO] Connected to Redis cache at redis://localhost:6379/0
2025-09-28 18:25:54 [INFO] Connected to Redis cache at redis://localhost:6379/0
2025-09-28 18:26:08 [INFO] Connected to Redis cache at redis://localhost:6379/0
2025-09-28 18:26:34 [INFO] Connected to Redis cache at redis://localhost:6379/0
2025-09-28 18:26:35 [INFO] Connected to Redis cache at redis://localhost:6379/0
2025-09-28 18:26:49 [INFO] Connected to Redis cache at redis://localhost:6379/0
2025-09-28 18:26:57 [INFO] Connected to Redis cache at redis://localhost:6379/0
2025-09-28 18:26:57 [INFO] Connected to Redis cache at redis://localhost:6379/0
2025-09-28 18:27:23 [INFO] Connected to Redis cache at redis://localhost:6379/0
2025-09-28 18:27:23 [INFO] Connected to Redis cache at redis://localhost:6379/0
2025-09-28 18:27:39 [INFO] Connected to Redis cache at redis://localhost:6379/0
2025-09-28 18:27:51 [INFO] Connected to Redis cache at redis://localhost:6379/0
2025-09-28 18:27:51 [INFO] Connected to Redis cache at redis://localhost:6379/0
2025-09-28 18:28:08 [INFO] Connected to Redis cache at redis://localhost:6379/0
2025-09-28 18:28:09 [INFO] Connected to Redis cache at redis://localhost:6379/0
2025-09-28 18:28:29 [INFO] Connected to Redis cache at redis://localhost:6379/0
2025-09-28 18:29:49 [INFO] Connected to Redis cache at redis://localhost:6379/0
2025-09-28 18:29:49 [INFO] Connected to Redis cache at redis://localhost:6379/0
2025-09-28 18:30:02 [INFO] Connected to Redis cache at redis://localhost:6379/0
2025-09-28 18:31:07 [INFO] Connected to Redis cache at redis://localhost:6379/0
2025-09-28 18:31:07 [INFO] Connected to Redis cache at redis://localhost:6379/0
2025-09-28 18:31:22 [INFO] Connected to Redis cache at redis://localhost:6379/0
2025-09-28 18:32:22 [INFO] Connected to Redis cache at redis://localhost:6379/0
2025-09-28 18:32:22 [INFO] Connected to Redis cache at redis://localhost:6379/0
2025-09-28 18:32:35 [INFO] Connected to Redis cache at redis://localhost:6379/0
2025-09-28 18:32:52 [INFO] Connected to Redis cache at redis://localhost:6379/0
2025-09-28 18:32:52 [INFO] Connected to Redis cache at redis://localhost:6379/0
2025-09-28 18:33:13 [INFO] Connected to Redis cache at redis://localhost:6379/0
2025-09-28 18:33:14 [INFO] Connected to Redis cache at redis://localhost:6379/0
2025-09-28 18:33:23 [INFO] Connected to Redis cache at redis://localhost:6379/0
2025-09-28 18:33:24 [INFO] Connected to Redis cache at redis://localhost:6379/0
2025-09-28 18:33:44 [INFO] Connected to Redis cache at redis://localhost:6379/0
2025-09-28 18:33:44 [INFO] Connected to Redis cache at redis://localhost:6379/0
2025-09-28 18:34:02 [INFO] Connected to Redis cache at redis://localhost:6379/0
2025-09-28 18:34:02 [INFO] Connected to Redis cache at redis://localhost:6379/0
2025-09-28 18:34:15 [INFO] Connected to Redis cache at redis://localhost:6379/0
2025-09-28 18:34:15 [INFO] Connected to Redis cache at redis://localhost:6379/0
2025-09-28 18:34:23 [INFO] Connected to Redis cache at redis://localhost:6379/0
2025-09-28 18:34:23 [INFO] Connected to Redis cache at redis://localhost:6379/0
2025-09-28 18:34:29 [INFO] Connected to Redis cache at redis://localhost:6379/0
2025-09-28 18:34:29 [INFO] Connected to Redis cache at redis://localhost:6379/0
2025-09-28 18:34:42 [INFO] Connected to Redis cache at redis://localhost:6379/0
2025-09-28 18:34:42 [INFO] Connected to Redis cache at redis://localhost:6379/0
2025-09-28 18:34:48 [INFO] Connected to Redis cache at redis://localhost:6379/0
2025-09-28 18:34:49 [INFO] Connected to Redis cache at redis://localhost:6379/0
2025-09-28 18:34:55 [INFO] Connected to Redis cache at redis://localhost:6379/0
2025-09-28 18:34:55 [INFO] Connected to Redis cache at redis://localhost:6379/0
2025-09-28 18:35:01 [INFO] Connected to Redis cache at redis://localhost:6379/0
2025-09-28 18:35:02 [INFO] Connected to Redis cache at redis://localhost:6379/0
2025-09-28 18:35:09 [INFO] Connected to Redis cache at redis://localhost:6379/0
2025-09-28 18:35:10 [INFO] Connected to Redis cache at redis://localhost:6379/0
2025-09-28 18:35:17 [INFO] Connected to Redis cache at redis://localhost:6379/0
2025-09-28 18:35:18 [INFO] Connected to Redis cache at redis://localhost:6379/0
2025-09-28 18:35:23 [INFO] Connected to Redis cache at redis://localhost:6379/0
2025-09-28 18:35:23 [INFO] Connected to Redis cache at redis://localhost:6379/0
2025-09-28 18:38:16 [INFO] Connected to Redis cache at redis://localhost:6379/0
2025-09-28 18:38:16 [INFO] Connected to Redis cache at redis://localhost:6379/0
2025-09-28 18:38:22 [INFO] Connected to Redis cache at redis://localhost:6379/0
2025-09-28 18:38:22 [INFO] Connected to Redis cache at redis://localhost:6379/0
2025-09-28 18:38:29 [INFO] Connected to Redis cache at redis://localhost:6379/0
2025-09-28 18:40:13 [INFO] Connected to Redis cache at redis://localhost:6379/0
2025-09-28 18:41:24 [INFO] Connected to Redis cache at redis://localhost:6379/0
2025-09-28 18:41:24 [INFO] Connected to Redis cache at redis://localhost:6379/0
2025-09-28 18:41:36 [INFO] Connected to Redis cache at redis://localhost:6379/0
2025-09-28 18:41:36 [INFO] Connected to Redis cache at redis://localhost:6379/0
2025-09-28 18:41:59 [INFO] Connected to Redis cache at redis://localhost:6379/0
2025-09-28 18:42:22 [INFO] Connected to Redis cache at redis://localhost:6379/0
2025-09-28 18:42:22 [INFO] Connected to Redis cache at redis://localhost:6379/0
2025-09-28 18:42:35 [INFO] Connected to Redis cache at redis://localhost:6379/0
2025-09-28 18:42:35 [INFO] Connected to Redis cache at redis://localhost:6379/0
2025-09-28 18:43:11 [INFO] Connected to Redis cache at redis://localhost:6379/0
2025-09-28 18:43:11 [INFO] Connected to Redis cache at redis://localhost:6379/0
2025-09-28 18:43:15 [INFO] Connected to Redis cache at redis://localhost:6379/0
2025-09-28 18:43:15 [INFO] Connected to Redis cache at redis://localhost:6379/0
2025-09-28 18:43:26 [INFO] Connected to Redis cache at redis://localhost:6379/0
2025-09-28 18:43:26 [INFO] Connected to Redis cache at redis://localhost:6379/0
2025-09-28 18:43:59 [INFO] Connected to Redis cache at redis://localhost:6379/0
2025-09-28 18:43:59 [INFO] Connected to Redis cache at redis://localhost:6379/0
2025-09-28 18:44:42 [INFO] Connected to Redis cache at redis://localhost:6379/0
2025-09-28 18:44:44 [ERROR] Error setting cache value for key 'cache:general:endpoint:get_user_pickup_requests:66a477a6': Object of type PickupRequest is not JSON serializable
2025-09-28 18:44:46 [INFO] Invalidated 0 keys in namespace 'pickups_user_1'
2025-09-28 18:44:46 [INFO] Invalidated 0 keys in namespace 'pickups_admin'
2025-09-28 18:44:46 [ERROR] Error setting cache value for key 'cache:general:endpoint:get_all_pickup_requests:e8b46923': Object of type PickupRequest is not JSON serializable
2025-09-28 18:44:47 [INFO] Invalidated 0 keys in namespace 'pickups_user_1'
2025-09-28 18:44:47 [INFO] Invalidated 0 keys in namespace 'pickups_admin'
2025-09-28 18:44:48 [INFO] Invalidated 0 keys in namespace 'pickups_user_1'
2025-09-28 18:44:48 [INFO] Invalidated 0 keys in namespace 'pickups_admin'
2025-09-28 18:48:17 [INFO] Connected to Redis cache at redis://localhost:6379/0
2025-09-28 18:48:17 [INFO] Connected to Redis cache at redis://localhost:6379/0
2025-09-28 18:48:24 [INFO] Connected to Redis cache at redis://localhost:6379/0
2025-09-28 18:48:24 [INFO] Connected to Redis cache at redis://localhost:6379/0
2025-09-28 18:48:38 [INFO] Connected to Redis cache at redis://localhost:6379/0
2025-09-28 18:49:13 [INFO] Connected to Redis cache at redis://localhost:6379/0
2025-09-28 18:49:14 [ERROR] Error setting cache value for key 'cache:general:endpoint:get_user_pickup_requests:66a477a6': Object of type PickupRequest is not JSON serializable
2025-09-28 18:49:16 [INFO] Invalidated 0 keys in namespace 'pickups_user_1'
2025-09-28 18:49:16 [INFO] Invalidated 0 keys in namespace 'pickups_admin'
2025-09-28 18:49:16 [ERROR] Error setting cache value for key 'cache:general:endpoint:get_all_pickup_requests:e8b46923': Object of type PickupRequest is not JSON serializable
2025-09-28 18:49:17 [INFO] Invalidated 0 keys in namespace 'pickups_user_1'
2025-09-28 18:49:17 [INFO] Invalidated 0 keys in namespace 'pickups_admin'
2025-09-28 18:49:17 [INFO] Invalidated 0 keys in namespace 'pickups_user_1'
2025-09-28 18:49:17 [INFO] Invalidated 0 keys in namespace 'pickups_admin'
2025-09-28 18:49:50 [INFO] Connected to Redis cache at redis://localhost:6379/0
2025-09-28 18:49:50 [INFO] Connected to Redis cache at redis://localhost:6379/0
2025-09-28 18:50:04 [INFO] Connected to Redis cache at redis://localhost:6379/0
2025-09-28 18:50:04 [INFO] Connected to Redis cache at redis://localhost:6379/0
2025-09-28 18:50:24 [INFO] Connected to Redis cache at redis://localhost:6379/0
2025-09-28 18:50:24 [INFO] Connected to Redis cache at redis://localhost:6379/0
2025-09-28 18:50:39 [INFO] Connected to Redis cache at redis://localhost:6379/0
2025-09-28 18:50:40 [INFO] Connected to Redis cache at redis://localhost:6379/0
2025-09-28 18:51:07 [INFO] Connected to Redis cache at redis://localhost:6379/0
2025-09-28 18:51:08 [ERROR] Error setting cache value for key 'cache:general:endpoint:get_user_pickup_requests:66a477a6': Object of type PickupRequest is not JSON serializable
2025-09-28 18:51:10 [INFO] Invalidated 0 keys in namespace 'pickups_user_1'
2025-09-28 18:51:10 [INFO] Invalidated 0 keys in namespace 'pickups_admin'
2025-09-28 18:51:10 [ERROR] Error setting cache value for key 'cache:general:endpoint:get_all_pickup_requests:e8b46923': Object of type PickupRequest is not JSON serializable
2025-09-28 18:51:12 [INFO] Invalidated 0 keys in namespace 'pickups_user_1'
2025-09-28 18:51:12 [INFO] Invalidated 0 keys in namespace 'pickups_admin'
2025-09-28 18:51:12 [INFO] Invalidated 0 keys in namespace 'pickups_user_1'
2025-09-28 18:51:12 [INFO] Invalidated 0 keys in namespace 'pickups_admin'
2025-09-28 18:51:14 [INFO] Connected to Redis cache at redis://localhost:6379/0
2025-09-28 18:51:14 [INFO] Connected to Redis cache at redis://localhost:6379/0
2025-09-28 18:51:50 [INFO] Connected to Redis cache at redis://localhost:6379/0
2025-09-28 18:51:50 [INFO] Connected to Redis cache at redis://localhost:6379/0
2025-09-28 18:52:04 [INFO] Connected to Redis cache at redis://localhost:6379/0
2025-09-28 18:52:04 [INFO] Connected to Redis cache at redis://localhost:6379/0
2025-09-28 18:52:21 [INFO] Connected to Redis cache at redis://localhost:6379/0
2025-09-28 18:52:36 [INFO] Connected to Redis cache at redis://localhost:6379/0
2025-09-28 18:52:36 [INFO] Connected to Redis cache at redis://localhost:6379/0
2025-09-28 18:52:54 [INFO] Connected to Redis cache at redis://localhost:6379/0
2025-09-28 18:52:57 [ERROR] Error setting cache value for key 'cache:general:endpoint:get_user_pickup_requests:66a477a6': Object of type PickupRequest is not JSON serializable
2025-09-28 18:52:57 [ERROR] Error converting response to JSON: Object of type PickupRequest is not JSON serializable
2025-09-28 18:52:59 [INFO] Invalidated 0 keys in namespace 'pickups_user_1'
2025-09-28 18:52:59 [INFO] Invalidated 0 keys in namespace 'pickups_admin'
2025-09-28 18:52:59 [ERROR] Error setting cache value for key 'cache:general:endpoint:get_all_pickup_requests:e8b46923': Object of type PickupRequest is not JSON serializable
2025-09-28 18:52:59 [ERROR] Error converting response to JSON: Object of type PickupRequest is not JSON serializable
2025-09-28 18:53:00 [INFO] Invalidated 0 keys in namespace 'pickups_user_1'
2025-09-28 18:53:00 [INFO] Invalidated 0 keys in namespace 'pickups_admin'
2025-09-28 18:53:01 [INFO] Invalidated 0 keys in namespace 'pickups_user_1'
2025-09-28 18:53:01 [INFO] Invalidated 0 keys in namespace 'pickups_admin'
2025-09-28 18:53:12 [INFO] Connected to Redis cache at redis://localhost:6379/0
2025-09-28 18:53:13 [INFO] Connected to Redis cache at redis://localhost:6379/0
2025-09-28 18:56:20 [INFO] Connected to Redis cache at redis://localhost:6379/0
2025-09-28 18:56:20 [INFO] Connected to Redis cache at redis://localhost:6379/0
2025-09-28 18:56:26 [INFO] Connected to Redis cache at redis://localhost:6379/0
2025-09-28 18:56:26 [INFO] Connected to Redis cache at redis://localhost:6379/0
2025-09-28 18:57:15 [INFO] Connected to Redis cache at redis://localhost:6379/0
2025-09-28 18:57:15 [INFO] Connected to Redis cache at redis://localhost:6379/0
2025-09-28 18:57:20 [INFO] Connected to Redis cache at redis://localhost:6379/0
2025-09-28 18:57:21 [INFO] Connected to Redis cache at redis://localhost:6379/0
2025-09-28 18:57:26 [INFO] Connected to Redis cache at redis://localhost:6379/0
2025-09-28 18:57:27 [INFO] Connected to Redis cache at redis://localhost:6379/0
2025-09-28 18:57:39 [INFO] Connected to Redis cache at redis://localhost:6379/0
2025-09-28 18:57:39 [INFO] Connected to Redis cache at redis://localhost:6379/0
2025-09-28 18:57:56 [INFO] Connected to Redis cache at redis://localhost:6379/0
2025-09-28 18:57:56 [INFO] Connected to Redis cache at redis://localhost:6379/0
2025-09-28 18:58:07 [INFO] Connected to Redis cache at redis://localhost:6379/0
2025-09-28 18:58:07 [INFO] Connected to Redis cache at redis://localhost:6379/0
2025-09-28 18:58:14 [INFO] Connected to Redis cache at redis://localhost:6379/0
2025-09-28 18:58:15 [INFO] Connected to Redis cache at redis://localhost:6379/0
2025-09-28 18:58:24 [INFO] Connected to Redis cache at redis://localhost:6379/0
2025-09-28 18:58:24 [INFO] Connected to Redis cache at redis://localhost:6379/0
2025-09-28 18:58:37 [INFO] Connected to Redis cache at redis://localhost:6379/0
2025-09-28 18:58:37 [INFO] Connected to Redis cache at redis://localhost:6379/0
2025-09-28 18:58:59 [INFO] Connected to Redis cache at redis://localhost:6379/0
2025-09-28 18:58:59 [INFO] Connected to Redis cache at redis://localhost:6379/0
2025-09-28 18:59:07 [INFO] Connected to Redis cache at redis://localhost:6379/0
2025-09-28 18:59:07 [INFO] Connected to Redis cache at redis://localhost:6379/0
2025-09-28 18:59:31 [INFO] Connected to Redis cache at redis://localhost:6379/0
2025-09-28 18:59:31 [INFO] Connected to Redis cache at redis://localhost:6379/0
2025-09-28 18:59:39 [INFO] Connected to Redis cache at redis://localhost:6379/0
2025-09-28 18:59:39 [INFO] Connected to Redis cache at redis://localhost:6379/0
2025-09-28 18:59:47 [INFO] Connected to Redis cache at redis://localhost:6379/0
2025-09-28 18:59:47 [INFO] Connected to Redis cache at redis://localhost:6379/0
2025-09-28 18:59:58 [INFO] Connected to Redis cache at redis://localhost:6379/0
2025-09-28 18:59:58 [INFO] Connected to Redis cache at redis://localhost:6379/0
2025-09-28 19:00:12 [INFO] Connected to Redis cache at redis://localhost:6379/0
2025-09-28 19:00:12 [INFO] Connected to Redis cache at redis://localhost:6379/0
2025-09-28 19:00:19 [INFO] Connected to Redis cache at redis://localhost:6379/0
2025-09-28 19:00:19 [INFO] Connected to Redis cache at redis://localhost:6379/0
2025-09-28 19:00:28 [INFO] Connected to Redis cache at redis://localhost:6379/0
2025-09-28 19:00:28 [INFO] Connected to Redis cache at redis://localhost:6379/0
2025-09-28 19:00:39 [INFO] Connected to Redis cache at redis://localhost:6379/0
2025-09-28 19:00:39 [INFO] Connected to Redis cache at redis://localhost:6379/0
2025-09-28 19:01:02 [INFO] Connected to Redis cache at redis://localhost:6379/0
2025-09-28 19:01:02 [INFO] Connected to Redis cache at redis://localhost:6379/0
2025-09-28 19:01:12 [INFO] Connected to Redis cache at redis://localhost:6379/0
2025-09-28 19:01:12 [INFO] Connected to Redis cache at redis://localhost:6379/0
2025-09-28 19:01:25 [INFO] Connected to Redis cache at redis://localhost:6379/0
2025-09-28 19:01:25 [INFO] Connected to Redis cache at redis://localhost:6379/0
2025-09-28 19:01:36 [INFO] Connected to Redis cache at redis://localhost:6379/0
2025-09-28 19:01:36 [INFO] Connected to Redis cache at redis://localhost:6379/0
2025-09-28 19:02:00 [INFO] Connected to Redis cache at redis://localhost:6379/0
2025-09-28 19:02:00 [INFO] Connected to Redis cache at redis://localhost:6379/0
2025-09-28 19:02:26 [INFO] Connected to Redis cache at redis://localhost:6379/0
2025-09-28 19:02:27 [INFO] Connected to Redis cache at redis://localhost:6379/0
2025-09-28 19:02:32 [INFO] Connected to Redis cache at redis://localhost:6379/0
2025-09-28 19:02:32 [INFO] Connected to Redis cache at redis://localhost:6379/0
2025-09-28 19:02:43 [INFO] Connected to Redis cache at redis://localhost:6379/0
2025-09-28 19:02:43 [INFO] Connected to Redis cache at redis://localhost:6379/0
2025-09-28 19:02:57 [INFO] Connected to Redis cache at redis://localhost:6379/0
2025-09-28 19:02:57 [INFO] Connected to Redis cache at redis://localhost:6379/0
2025-09-28 19:03:14 [INFO] Connected to Redis cache at redis://localhost:6379/0
2025-09-28 19:03:14 [INFO] Connected to Redis cache at redis://localhost:6379/0
2025-09-28 19:03:30 [INFO] Connected to Redis cache at redis://localhost:6379/0
2025-09-28 19:03:30 [INFO] Connected to Redis cache at redis://localhost:6379/0
2025-09-28 19:03:48 [INFO] Connected to Redis cache at redis://localhost:6379/0
2025-09-28 19:03:48 [INFO] Connected to Redis cache at redis://localhost:6379/0
2025-09-28 19:03:59 [INFO] Connected to Redis cache at redis://localhost:6379/0
2025-09-28 19:03:59 [INFO] Connected to Redis cache at redis://localhost:6379/0
2025-09-28 19:04:15 [INFO] Connected to Redis cache at redis://localhost:6379/0
2025-09-28 19:04:15 [INFO] Connected to Redis cache at redis://localhost:6379/0
2025-09-28 19:04:33 [INFO] Connected to Redis cache at redis://localhost:6379/0
2025-09-28 19:04:39 [INFO] Connected to Redis cache at redis://localhost:6379/0
2025-09-28 19:04:40 [INFO] Connected to Redis cache at redis://localhost:6379/0
2025-09-28 19:05:49 [INFO] Connected to Redis cache at redis://localhost:6379/0
2025-09-28 19:05:49 [INFO] Connected to Redis cache at redis://localhost:6379/0
2025-09-28 19:05:54 [INFO] Connected to Redis cache at redis://localhost:6379/0
2025-09-28 19:05:54 [INFO] Connected to Redis cache at redis://localhost:6379/0
2025-09-28 19:06:35 [INFO] Connected to Redis cache at redis://localhost:6379/0
2025-09-28 19:06:35 [INFO] Connected to Redis cache at redis://localhost:6379/0
2025-09-28 19:06:41 [INFO] Connected to Redis cache at redis://localhost:6379/0
2025-09-28 19:06:42 [INFO] Connected to Redis cache at redis://localhost:6379/0
2025-09-28 19:07:01 [INFO] Connected to Redis cache at redis://localhost:6379/0
2025-09-28 19:07:01 [INFO] Connected to Redis cache at redis://localhost:6379/0
2025-09-28 19:07:18 [INFO] Connected to Redis cache at redis://localhost:6379/0
2025-09-28 19:07:18 [INFO] Connected to Redis cache at redis://localhost:6379/0
2025-09-28 19:07:53 [INFO] Connected to Redis cache at redis://localhost:6379/0
2025-09-28 19:10:31 [INFO] Connected to Redis cache at redis://localhost:6379/0
2025-09-28 19:10:31 [INFO] Connected to Redis cache at redis://localhost:6379/0
2025-09-28 19:10:42 [INFO] Connected to Redis cache at redis://localhost:6379/0
2025-09-28 19:12:04 [INFO] Connected to Redis cache at redis://localhost:6379/0
2025-09-28 19:12:33 [INFO] Connected to Redis cache at redis://localhost:6379/0
2025-09-28 19:12:34 [INFO] Connected to Redis cache at redis://localhost:6379/0
2025-09-28 19:12:59 [INFO] Connected to Redis cache at redis://localhost:6379/0
2025-09-28 19:12:59 [INFO] Connected to Redis cache at redis://localhost:6379/0
2025-09-28 19:13:40 [INFO] Connected to Redis cache at redis://localhost:6379/0
2025-09-28 19:14:17 [INFO] Connected to Redis cache at redis://localhost:6379/0
2025-09-28 19:14:17 [INFO] Connected to Redis cache at redis://localhost:6379/0
2025-09-28 19:14:22 [INFO] Connected to Redis cache at redis://localhost:6379/0
2025-09-28 19:14:22 [INFO] Connected to Redis cache at redis://localhost:6379/0
2025-09-28 19:14:34 [INFO] Connected to Redis cache at redis://localhost:6379/0
2025-09-28 19:14:34 [INFO] Connected to Redis cache at redis://localhost:6379/0
2025-09-28 19:14:52 [INFO] Connected to Redis cache at redis://localhost:6379/0
2025-09-28 19:14:52 [INFO] Connected to Redis cache at redis://localhost:6379/0
2025-09-28 19:15:09 [INFO] Connected to Redis cache at redis://localhost:6379/0
2025-09-28 19:15:09 [INFO] Connected to Redis cache at redis://localhost:6379/0
2025-09-28 19:15:17 [INFO] Connected to Redis cache at redis://localhost:6379/0
2025-09-28 19:15:17 [INFO] Connected to Redis cache at redis://localhost:6379/0
2025-09-28 19:15:27 [INFO] Connected to Redis cache at redis://localhost:6379/0
2025-09-28 19:15:27 [INFO] Connected to Redis cache at redis://localhost:6379/0
2025-09-28 19:16:30 [INFO] Connected to Redis cache at redis://localhost:6379/0
2025-09-28 19:16:30 [INFO] Connected to Redis cache at redis://localhost:6379/0
2025-09-28 19:16:34 [INFO] Connected to Redis cache at redis://localhost:6379/0
2025-09-28 19:16:34 [INFO] Connected to Redis cache at redis://localhost:6379/0
2025-09-28 19:29:22 [INFO] Connected to Redis cache at redis://localhost:6379/0
2025-09-28 19:29:22 [INFO] Connected to Redis cache at redis://localhost:6379/0
2025-09-28 19:29:28 [INFO] Connected to Redis cache at redis://localhost:6379/0
2025-09-28 19:29:28 [INFO] Connected to Redis cache at redis://localhost:6379/0
2025-09-28 19:30:21 [INFO] Connected to Redis cache at redis://localhost:6379/0
2025-09-28 19:30:21 [INFO] Connected to Redis cache at redis://localhost:6379/0
2025-09-28 19:30:26 [INFO] Connected to Redis cache at redis://localhost:6379/0
2025-09-28 19:30:26 [INFO] Connected to Redis cache at redis://localhost:6379/0
2025-09-28 19:31:03 [INFO] Connected to Redis cache at redis://localhost:6379/0
2025-09-28 19:31:03 [INFO] Connected to Redis cache at redis://localhost:6379/0
2025-09-28 19:31:17 [INFO] Connected to Redis cache at redis://localhost:6379/0
2025-09-28 19:31:17 [INFO] Connected to Redis cache at redis://localhost:6379/0
2025-09-28 19:31:37 [INFO] Connected to Redis cache at redis://localhost:6379/0
2025-09-28 19:31:37 [INFO] Connected to Redis cache at redis://localhost:6379/0
2025-09-28 19:31:50 [INFO] Connected to Redis cache at redis://localhost:6379/0
2025-09-28 19:31:50 [INFO] Connected to Redis cache at redis://localhost:6379/0
2025-09-28 21:01:01 [INFO] Connected to Redis cache at redis://localhost:6379/0
2025-09-28 21:01:01 [INFO] Connected to Redis cache at redis://localhost:6379/0
2025-09-28 21:01:12 [INFO] Connected to Redis cache at redis://localhost:6379/0
2025-09-28 21:01:12 [INFO] Connected to Redis cache at redis://localhost:6379/0
2025-09-28 21:01:48 [INFO] Connected to Redis cache at redis://localhost:6379/0
2025-09-28 21:01:48 [INFO] Connected to Redis cache at redis://localhost:6379/0
2025-09-28 21:01:55 [INFO] Connected to Redis cache at redis://localhost:6379/0
2025-09-28 21:01:55 [INFO] Connected to Redis cache at redis://localhost:6379/0
2025-09-28 21:02:56 [INFO] Connected to Redis cache at redis://localhost:6379/0
2025-09-28 21:02:56 [INFO] Connected to Redis cache at redis://localhost:6379/0
2025-09-28 21:03:01 [INFO] Connected to Redis cache at redis://localhost:6379/0
2025-09-28 21:03:01 [INFO] Connected to Redis cache at redis://localhost:6379/0
2025-09-28 21:03:24 [INFO] Connected to Redis cache at redis://localhost:6379/0
2025-09-28 21:03:24 [INFO] Connected to Redis cache at redis://localhost:6379/0
2025-09-28 21:03:44 [INFO] Connected to Redis cache at redis://localhost:6379/0
2025-09-28 21:03:44 [INFO] Connected to Redis cache at redis://localhost:6379/0
2025-09-28 21:04:01 [INFO] Connected to Redis cache at redis://localhost:6379/0
2025-09-28 21:04:01 [INFO] Connected to Redis cache at redis://localhost:6379/0
2025-09-28 21:04:14 [INFO] Connected to Redis cache at redis://localhost:6379/0
2025-09-28 21:04:14 [INFO] Connected to Redis cache at redis://localhost:6379/0
2025-09-28 21:04:32 [INFO] Connected to Redis cache at redis://localhost:6379/0
2025-09-28 21:04:32 [INFO] Connected to Redis cache at redis://localhost:6379/0
2025-09-28 21:05:12 [INFO] Connected to Redis cache at redis://localhost:6379/0
2025-09-28 21:06:05 [INFO] Connected to Redis cache at redis://localhost:6379/0
2025-09-28 21:07:12 [INFO] Connected to Redis cache at redis://localhost:6379/0
2025-09-28 21:07:12 [INFO] Connected to Redis cache at redis://localhost:6379/0
2025-09-28 21:07:18 [INFO] Connected to Redis cache at redis://localhost:6379/0
2025-09-28 21:07:18 [INFO] Connected to Redis cache at redis://localhost:6379/0
2025-09-28 21:07:49 [INFO] Connected to Redis cache at redis://localhost:6379/0
2025-09-28 21:07:49 [INFO] Connected to Redis cache at redis://localhost:6379/0
2025-09-28 21:08:01 [INFO] Connected to Redis cache at redis://localhost:6379/0
2025-09-28 21:08:01 [INFO] Connected to Redis cache at redis://localhost:6379/0
2025-09-28 21:08:07 [INFO] Connected to Redis cache at redis://localhost:6379/0
2025-09-28 21:08:07 [INFO] Connected to Redis cache at redis://localhost:6379/0
2025-09-28 22:32:18 [INFO] Connected to Redis cache at redis://localhost:6379/0
2025-09-28 22:32:18 [INFO] Connected to Redis cache at redis://localhost:6379/0
2025-09-28 22:32:26 [INFO] Connected to Redis cache at redis://localhost:6379/0
2025-09-28 22:32:26 [INFO] Connected to Redis cache at redis://localhost:6379/0
2025-09-28 22:34:46 [INFO] Connected to Redis cache at redis://localhost:6379/0
2025-09-28 22:34:47 [INFO] Connected to Redis cache at redis://localhost:6379/0
2025-09-28 22:59:16 [INFO] Connected to Redis cache at redis://localhost:6379/0
2025-09-28 22:59:16 [INFO] Connected to Redis cache at redis://localhost:6379/0
2025-09-28 22:59:55 [INFO] Connected to Redis cache at redis://localhost:6379/0
2025-09-28 22:59:55 [INFO] Connected to Redis cache at redis://localhost:6379/0
2025-09-28 23:00:23 [INFO] Connected to Redis cache at redis://localhost:6379/0
2025-09-28 23:00:23 [INFO] Connected to Redis cache at redis://localhost:6379/0
2025-09-28 23:00:33 [INFO] Connected to Redis cache at redis://localhost:6379/0
2025-09-28 23:00:33 [INFO] Connected to Redis cache at redis://localhost:6379/0
2025-09-28 23:00:47 [INFO] Connected to Redis cache at redis://localhost:6379/0
2025-09-28 23:00:47 [INFO] Connected to Redis cache at redis://localhost:6379/0
2025-09-28 23:01:17 [INFO] Connected to Redis cache at redis://localhost:6379/0
2025-09-28 23:01:17 [INFO] Connected to Redis cache at redis://localhost:6379/0
2025-09-28 23:02:20 [INFO] Connected to Redis cache at redis://localhost:6379/0
2025-09-28 23:02:20 [INFO] Connected to Redis cache at redis://localhost:6379/0
2025-09-28 23:04:09 [INFO] Connected to Redis cache at redis://localhost:6379/0
2025-09-28 23:04:10 [INFO] Connected to Redis cache at redis://localhost:6379/0
2025-09-28 23:04:55 [INFO] Connected to Redis cache at redis://localhost:6379/0
2025-09-28 23:04:55 [INFO] Connected to Redis cache at redis://localhost:6379/0
2025-09-28 23:05:42 [INFO] Connected to Redis cache at redis://localhost:6379/0
2025-09-28 23:05:42 [INFO] Connected to Redis cache at redis://localhost:6379/0
2025-09-28 23:06:02 [INFO] Connected to Redis cache at redis://localhost:6379/0
2025-09-28 23:06:02 [INFO] Connected to Redis cache at redis://localhost:6379/0
2025-09-28 23:07:06 [INFO] Connected to Redis cache at redis://localhost:6379/0
2025-09-28 23:07:06 [INFO] Connected to Redis cache at redis://localhost:6379/0
2025-09-28 23:08:33 [INFO] Connected to Redis cache at redis://localhost:6379/0
2025-09-28 23:08:33 [INFO] Connected to Redis cache at redis://localhost:6379/0
2025-09-28 23:08:52 [INFO] Connected to Redis cache at redis://localhost:6379/0
2025-09-28 23:08:52 [INFO] Connected to Redis cache at redis://localhost:6379/0
2025-09-28 23:10:13 [INFO] Connected to Redis cache at redis://localhost:6379/0
2025-09-28 23:10:13 [INFO] Connected to Redis cache at redis://localhost:6379/0
2025-09-28 23:13:39 [INFO] Connected to Redis cache at redis://localhost:6379/0
2025-09-28 23:13:39 [INFO] Connected to Redis cache at redis://localhost:6379/0
2025-09-28 23:13:49 [INFO] Connected to Redis cache at redis://localhost:6379/0
2025-09-28 23:13:49 [INFO] Connected to Redis cache at redis://localhost:6379/0
2025-09-28 23:34:00 [INFO] Connected to Redis cache at redis://localhost:6379/0
2025-09-28 23:34:00 [INFO] Connected to Redis cache at redis://localhost:6379/0
2025-09-29 05:41:46 [INFO] Connected to Redis cache at redis://localhost:6379/0
2025-09-29 05:42:30 [INFO] Connected to Redis cache at redis://localhost:6379/0
2025-09-29 05:48:31 [INFO] Connected to Redis cache at redis://localhost:6379/0
2025-09-29 05:53:01 [INFO] Connected to Redis cache at redis://localhost:6379/0
2025-09-29 05:59:05 [INFO] Connected to Redis cache at redis://localhost:6379/0
2025-09-29 06:06:20 [INFO] Connected to Redis cache at redis://localhost:6379/0
2025-09-29 06:06:20 [INFO] Connected to Redis cache at redis://localhost:6379/0
2025-09-29 06:06:34 [INFO] Connected to Redis cache at redis://localhost:6379/0
2025-09-29 06:06:34 [INFO] Connected to Redis cache at redis://localhost:6379/0
2025-09-29 06:06:44 [INFO] Connected to Redis cache at redis://localhost:6379/0
2025-09-29 06:14:48 [INFO] Connected to Redis cache at redis://localhost:6379/0
2025-09-29 06:14:48 [INFO] Connected to Redis cache at redis://localhost:6379/0
2025-09-29 06:14:48 [INFO] Connected to Redis cache at redis://localhost:6379/0
2025-09-29 06:15:04 [INFO] Connected to Redis cache at redis://localhost:6379/0
2025-09-29 06:15:04 [INFO] Connected to Redis cache at redis://localhost:6379/0
2025-09-29 06:15:04 [INFO] Connected to Redis cache at redis://localhost:6379/0
2025-09-29 06:18:15 [INFO] Connected to Redis cache at redis://localhost:6379/0
2025-09-29 06:25:17 [INFO] Connected to Redis cache at redis://localhost:6379/0
2025-09-29 06:30:33 [INFO] Connected to Redis cache at redis://localhost:6379/0
2025-09-29 06:34:15 [WARNING] Sync endpoint get_companies detected, caching may not work as expected
2025-09-29 06:34:42 [INFO] Connected to Redis cache at redis://localhost:6379/0
2025-09-29 06:34:42 [INFO] Connected to Redis cache at redis://localhost:6379/0
2025-09-29 06:34:56 [INFO] Connected to Redis cache at redis://localhost:6379/0
2025-09-29 06:34:56 [INFO] Connected to Redis cache at redis://localhost:6379/0
2025-09-29 06:35:18 [INFO] Connected to Redis cache at redis://localhost:6379/0
2025-09-29 06:41:40 [INFO] Connected to Redis cache at redis://localhost:6379/0
2025-09-29 16:27:04 [INFO] Connected to Redis cache at redis://localhost:6379/0
2025-09-29 18:49:08 [INFO] Connected to Redis cache at redis://localhost:6379/0
2025-09-29 18:49:50 [INFO] Connected to Redis cache at redis://localhost:6379/0
2025-09-29 18:50:30 [INFO] Connected to Redis cache at redis://localhost:6379/0
2025-09-29 18:51:18 [INFO] Connected to Redis cache at redis://localhost:6379/0
2025-09-29 19:26:28 [INFO] Connected to Redis cache at redis://localhost:6379/0
2025-09-29 19:32:55 [INFO] Connected to Redis cache at redis://localhost:6379/0
2025-09-29 19:33:50 [INFO] Connected to Redis cache at redis://localhost:6379/0
2025-09-29 19:34:40 [INFO] Connected to Redis cache at redis://localhost:6379/0
2025-09-29 19:38:30 [INFO] Connected to Redis cache at redis://localhost:6379/0
2025-09-29 20:06:03 [INFO] Connected to Redis cache at redis://localhost:6379/0
2025-09-29 20:07:48 [INFO] Connected to Redis cache at redis://localhost:6379/0
2025-09-29 20:17:24 [INFO] Connected to Redis cache at redis://localhost:6379/0
2025-09-29 20:17:52 [INFO] Connected to Redis cache at redis://localhost:6379/0
2025-09-29 20:20:48 [INFO] Connected to Redis cache at redis://localhost:6379/0
2025-09-29 20:30:38 [INFO] Connected to Redis cache at redis://localhost:6379/0
