2025-10-12 21:35:11 [INFO] path=/api/v1/points method=GET status_code=307 cache_hit=unknown duration=0.99ms
2025-10-12 21:35:11 [INFO] path=/api/v1/points/impact method=GET status_code=404 cache_hit=unknown duration=9.00ms
2025-10-12 21:35:11 [INFO] path=/api/v1/points/history method=GET status_code=401 cache_hit=unknown duration=103.14ms
2025-10-12 21:35:11 [INFO] path=/api/v1/points/ method=GET status_code=401 cache_hit=unknown duration=23.00ms
2025-10-12 22:29:22 [INFO] path=/api/v1/auth/login method=POST status_code=401 cache_hit=unknown duration=70.63ms
2025-10-12 22:29:26 [INFO] path=/api/v1/auth/login method=POST status_code=401 cache_hit=unknown duration=22.46ms
2025-10-12 22:29:28 [INFO] path=/api/v1/auth/login method=POST status_code=401 cache_hit=unknown duration=19.92ms
2025-10-12 22:29:28 [INFO] path=/api/v1/auth/login method=POST status_code=401 cache_hit=unknown duration=20.32ms
2025-10-12 22:29:29 [INFO] path=/api/v1/auth/login method=POST status_code=401 cache_hit=unknown duration=17.78ms
2025-10-12 22:29:30 [INFO] path=/api/v1/auth/login method=POST status_code=401 cache_hit=unknown duration=18.20ms
2025-10-12 22:29:58 [INFO] path=/api/v1/auth/login method=POST status_code=401 cache_hit=unknown duration=25.66ms
2025-10-12 22:32:15 [INFO] path=/api/v1/auth/test-login method=POST status_code=401 cache_hit=unknown duration=46.53ms
2025-10-12 22:32:26 [INFO] path=/api/v1/auth/test-login method=POST status_code=401 cache_hit=unknown duration=7.00ms
2025-10-12 22:34:02 [INFO] path=/api/v1/auth/test-login method=POST status_code=401 cache_hit=unknown duration=6.02ms
2025-10-12 22:34:11 [INFO] path=/api/v1/auth/test-login method=POST status_code=401 cache_hit=unknown duration=5.05ms
2025-10-12 22:34:36 [INFO] path=/api/v1/auth/test-login method=POST status_code=401 cache_hit=unknown duration=53.87ms
2025-10-12 22:35:24 [INFO] path=/api/v1/debug/debug-users method=POST status_code=200 cache_hit=unknown duration=44.70ms
2025-10-12 22:35:55 [INFO] path=/api/v1/debug/simple-login method=POST status_code=200 cache_hit=unknown duration=7.94ms
2025-10-12 22:37:06 [INFO] path=/api/v1/debug/create-test-users method=POST status_code=200 cache_hit=unknown duration=63.23ms
2025-10-12 22:37:19 [INFO] path=/api/v1/debug/simple-login method=POST status_code=200 cache_hit=unknown duration=18.40ms
2025-10-12 22:38:24 [INFO] path=/api/v1/debug/simple-login method=POST status_code=200 cache_hit=unknown duration=5.98ms
2025-10-12 22:47:40 [INFO] path=/api/v1/debug/simple-login method=POST status_code=200 cache_hit=unknown duration=5.68ms
2025-10-12 22:48:13 [INFO] path=/api/v1/points method=GET status_code=307 cache_hit=unknown duration=0.00ms
2025-10-12 22:48:13 [INFO] path=/api/v1/points/history method=GET status_code=200 cache_hit=false duration=19.19ms
2025-10-12 22:48:13 [INFO] path=/api/v1/points/impact method=GET status_code=404 cache_hit=unknown duration=2.00ms
2025-10-12 22:48:13 [INFO] path=/api/v1/points/ method=GET status_code=200 cache_hit=false duration=13.63ms
2025-10-12 22:48:18 [INFO] path=/api/v1/pickup method=GET status_code=307 cache_hit=unknown duration=0.00ms
2025-10-12 22:48:18 [INFO] path=/api/v1/pickup/ method=GET status_code=200 cache_hit=false duration=13.70ms
2025-10-12 23:01:34 [INFO] path=/api/v1/debug/simple-login method=POST status_code=200 cache_hit=unknown duration=63.37ms
2025-10-12 23:01:59 [INFO] path=/api/v1/points method=GET status_code=307 cache_hit=unknown duration=2.00ms
2025-10-12 23:01:59 [INFO] path=/api/v1/points/history method=GET status_code=200 cache_hit=false duration=16.58ms
2025-10-12 23:01:59 [INFO] path=/api/v1/points/impact method=GET status_code=200 cache_hit=false duration=8.00ms
2025-10-12 23:01:59 [INFO] path=/api/v1/points/ method=GET status_code=200 cache_hit=false duration=13.00ms
2025-10-12 23:02:09 [INFO] path=/api/v1/pickup method=GET status_code=307 cache_hit=unknown duration=1.00ms
2025-10-12 23:02:09 [INFO] path=/api/v1/pickup/ method=GET status_code=200 cache_hit=false duration=12.97ms
2025-10-12 23:11:19 [INFO] path=/api/v1/points method=GET status_code=307 cache_hit=unknown duration=2.01ms
2025-10-12 23:11:19 [INFO] path=/api/v1/points/impact method=GET status_code=200 cache_hit=false duration=27.52ms
2025-10-12 23:11:19 [INFO] path=/api/v1/points/history method=GET status_code=200 cache_hit=false duration=29.05ms
2025-10-12 23:11:19 [INFO] path=/api/v1/points/ method=GET status_code=200 cache_hit=false duration=14.04ms
2025-10-12 23:12:59 [INFO] path=/api/v1/companies method=GET status_code=307 cache_hit=unknown duration=1.00ms
2025-10-12 23:12:59 [INFO] path=/api/v1/companies/ method=GET status_code=200 cache_hit=unknown duration=13.00ms
2025-10-12 23:13:02 [INFO] path=/api/v1/pickup/ method=GET status_code=200 cache_hit=false duration=8.62ms
2025-10-12 23:13:02 [INFO] path=/api/v1/pickup method=GET status_code=307 cache_hit=unknown duration=1.02ms
2025-10-13 02:45:26 [INFO] path=/api/v1/auth/refresh method=POST status_code=401 cache_hit=unknown duration=23.85ms
2025-10-13 02:45:26 [INFO] path=/api/v1/auth/refresh method=POST status_code=401 cache_hit=unknown duration=31.35ms
2025-10-13 02:47:14 [INFO] path=/api/v1/auth/refresh method=POST status_code=401 cache_hit=unknown duration=20.40ms
2025-10-13 02:47:14 [INFO] path=/api/v1/auth/refresh method=POST status_code=401 cache_hit=unknown duration=19.40ms
2025-10-13 02:50:19 [INFO] path=/api/v1/auth/refresh method=POST status_code=401 cache_hit=unknown duration=16.01ms
2025-10-13 02:50:19 [INFO] path=/api/v1/auth/refresh method=POST status_code=401 cache_hit=unknown duration=18.00ms
2025-10-13 02:50:24 [INFO] path=/api/v1/auth/refresh method=POST status_code=401 cache_hit=unknown duration=13.86ms
2025-10-13 02:50:24 [INFO] path=/api/v1/auth/refresh method=POST status_code=401 cache_hit=unknown duration=19.01ms
2025-10-13 03:31:00 [INFO] path=/api/v1/auth/refresh method=POST status_code=401 cache_hit=unknown duration=13.62ms
2025-10-13 03:31:00 [INFO] path=/api/v1/auth/refresh method=POST status_code=401 cache_hit=unknown duration=25.66ms
2025-10-13 03:31:47 [INFO] path=/api/v1/auth/login method=POST status_code=200 cache_hit=unknown duration=437.15ms
2025-10-13 03:31:47 [INFO] path=/api/v1/points method=GET status_code=307 cache_hit=unknown duration=3.00ms
2025-10-13 03:31:47 [INFO] path=/api/v1/redemptions method=GET status_code=307 cache_hit=unknown duration=3.00ms
2025-10-13 03:31:47 [INFO] path=/api/v1/redemptions method=GET status_code=307 cache_hit=unknown duration=3.95ms
2025-10-13 03:31:47 [INFO] path=/api/v1/points/ method=GET status_code=200 cache_hit=false duration=26.68ms
2025-10-13 03:31:47 [INFO] path=/api/v1/redemptions/ method=GET status_code=200 cache_hit=unknown duration=34.33ms
2025-10-13 03:31:47 [INFO] path=/api/v1/redemptions/ method=GET status_code=200 cache_hit=unknown duration=9.13ms
2025-10-13 03:32:11 [INFO] path=/api/v1/redemption-options method=GET status_code=307 cache_hit=unknown duration=1.00ms
2025-10-13 03:32:11 [INFO] path=/api/v1/redemption-options method=GET status_code=307 cache_hit=unknown duration=2.01ms
2025-10-13 03:32:11 [INFO] path=/api/v1/redemption-options/ method=GET status_code=200 cache_hit=unknown duration=10.00ms
2025-10-13 03:32:11 [INFO] path=/api/v1/redemption-options/ method=GET status_code=200 cache_hit=unknown duration=9.02ms
2025-10-13 04:02:04 [INFO] path=/api/v1/auth/refresh method=POST status_code=401 cache_hit=unknown duration=25.22ms
2025-10-13 04:02:04 [INFO] path=/api/v1/auth/refresh method=POST status_code=401 cache_hit=unknown duration=28.80ms
2025-10-13 04:03:58 [INFO] path=/api/v1/auth/login method=POST status_code=401 cache_hit=unknown duration=70.51ms
2025-10-13 04:03:58 [INFO] path=/api/v1/auth/refresh method=POST status_code=422 cache_hit=unknown duration=0.00ms
2025-10-13 04:07:31 [INFO] path=/api/v1/auth/refresh method=POST status_code=401 cache_hit=unknown duration=39.18ms
2025-10-13 04:07:31 [INFO] path=/api/v1/auth/refresh method=POST status_code=401 cache_hit=unknown duration=36.81ms
2025-10-13 04:07:41 [INFO] path=/api/v1/auth/login method=POST status_code=401 cache_hit=unknown duration=38.76ms
2025-10-13 04:07:41 [INFO] path=/api/v1/auth/refresh method=POST status_code=422 cache_hit=unknown duration=4.99ms
2025-10-13 04:08:00 [INFO] path=/api/v1/auth/refresh method=POST status_code=401 cache_hit=unknown duration=35.54ms
2025-10-13 04:08:00 [INFO] path=/api/v1/auth/refresh method=POST status_code=401 cache_hit=unknown duration=29.55ms
2025-10-13 04:08:06 [INFO] path=/api/v1/auth/login method=POST status_code=401 cache_hit=unknown duration=25.00ms
2025-10-13 04:08:06 [INFO] path=/api/v1/auth/refresh method=POST status_code=422 cache_hit=unknown duration=4.00ms
2025-10-13 04:10:27 [INFO] path=/api/v1/auth/refresh method=POST status_code=401 cache_hit=unknown duration=33.68ms
2025-10-13 04:10:27 [INFO] path=/api/v1/auth/refresh method=POST status_code=401 cache_hit=unknown duration=40.93ms
2025-10-13 04:10:45 [INFO] path=/api/v1/auth/refresh method=POST status_code=401 cache_hit=unknown duration=20.11ms
2025-10-13 04:10:45 [INFO] path=/api/v1/auth/refresh method=POST status_code=401 cache_hit=unknown duration=18.51ms
2025-10-13 04:10:52 [INFO] path=/api/v1/auth/refresh method=POST status_code=401 cache_hit=unknown duration=15.99ms
2025-10-13 04:10:52 [INFO] path=/api/v1/auth/refresh method=POST status_code=401 cache_hit=unknown duration=22.91ms
2025-10-13 04:17:00 [INFO] path=/api/v1/auth/login method=POST status_code=401 cache_hit=unknown duration=113.28ms
2025-10-13 04:19:12 [INFO] path=/api/v1/auth/login method=POST status_code=401 cache_hit=unknown duration=25.54ms
2025-10-13 04:19:21 [INFO] path=/api/v1/auth/login method=POST status_code=401 cache_hit=unknown duration=25.62ms
2025-10-13 04:30:40 [INFO] path=/api/v1/auth/login method=POST status_code=401 cache_hit=unknown duration=75.60ms
2025-10-14 15:26:30 [INFO] path=/api/v1/auth/refresh method=POST status_code=401 cache_hit=unknown duration=15.91ms
2025-10-14 15:26:31 [INFO] path=/api/v1/auth/refresh method=POST status_code=401 cache_hit=unknown duration=22.78ms
2025-10-14 15:26:32 [INFO] path=/api/v1/auth/refresh method=POST status_code=401 cache_hit=unknown duration=17.86ms
2025-10-14 15:26:32 [INFO] path=/api/v1/auth/refresh method=POST status_code=401 cache_hit=unknown duration=19.19ms
2025-10-14 15:26:37 [INFO] path=/api/v1/auth/login method=POST status_code=401 cache_hit=unknown duration=23.29ms
2025-10-14 15:26:37 [INFO] path=/api/v1/auth/refresh method=POST status_code=422 cache_hit=unknown duration=4.01ms
2025-10-14 15:26:37 [INFO] path=/api/v1/auth/refresh method=POST status_code=401 cache_hit=unknown duration=11.25ms
2025-10-14 15:26:39 [INFO] path=/api/v1/auth/refresh method=POST status_code=401 cache_hit=unknown duration=15.17ms
2025-10-14 15:26:39 [INFO] path=/api/v1/auth/refresh method=POST status_code=401 cache_hit=unknown duration=13.31ms
2025-10-14 15:26:43 [INFO] path=/api/v1/auth/refresh method=POST status_code=401 cache_hit=unknown duration=18.43ms
2025-10-14 15:26:43 [INFO] path=/api/v1/auth/refresh method=POST status_code=401 cache_hit=unknown duration=18.22ms
2025-10-14 15:37:20 [INFO] path=/api/v1/auth/login method=POST status_code=422 cache_hit=unknown duration=3.64ms
2025-10-14 15:37:27 [INFO] path=/api/v1/auth/refresh method=GET status_code=405 cache_hit=unknown duration=0.00ms
2025-10-14 15:39:05 [INFO] path=/api/v1/auth/login method=POST status_code=422 cache_hit=unknown duration=1.61ms
2025-10-14 15:40:02 [INFO] path=/api/v1/auth/login method=POST status_code=401 cache_hit=unknown duration=24.08ms
2025-10-14 16:00:58 [INFO] path=/api/v1/auth/login method=POST status_code=401 cache_hit=unknown duration=23.25ms
2025-10-14 16:10:46 [INFO] path=/api/v1/auth/login method=POST status_code=401 cache_hit=unknown duration=27.37ms
2025-10-14 16:26:39 [INFO] path=/api/v1/auth/login method=POST status_code=200 cache_hit=unknown duration=521.42ms
2025-10-14 18:13:01 [INFO] path=/api/v1/auth/refresh method=POST status_code=401 cache_hit=unknown duration=10.11ms
2025-10-14 18:13:01 [INFO] path=/api/v1/auth/refresh method=POST status_code=401 cache_hit=unknown duration=10.11ms
2025-10-14 18:13:10 [INFO] path=/api/v1/auth/login method=POST status_code=401 cache_hit=unknown duration=21.77ms
2025-10-14 18:13:10 [INFO] path=/api/v1/auth/refresh method=POST status_code=422 cache_hit=unknown duration=3.53ms
2025-10-14 18:13:10 [INFO] path=/api/v1/auth/refresh method=POST status_code=401 cache_hit=unknown duration=12.86ms
2025-10-14 18:13:12 [INFO] path=/api/v1/auth/refresh method=POST status_code=401 cache_hit=unknown duration=12.62ms
2025-10-14 18:13:12 [INFO] path=/api/v1/auth/refresh method=POST status_code=401 cache_hit=unknown duration=12.63ms
2025-10-14 18:14:59 [INFO] path=/api/v1/auth/login method=POST status_code=401 cache_hit=unknown duration=14.84ms
2025-10-14 18:14:59 [INFO] path=/api/v1/auth/refresh method=POST status_code=422 cache_hit=unknown duration=3.22ms
2025-10-14 18:14:59 [INFO] path=/api/v1/auth/refresh method=POST status_code=401 cache_hit=unknown duration=14.36ms
2025-10-14 18:15:01 [INFO] path=/api/v1/auth/refresh method=POST status_code=401 cache_hit=unknown duration=21.44ms
2025-10-14 18:15:01 [INFO] path=/api/v1/auth/refresh method=POST status_code=401 cache_hit=unknown duration=17.05ms
2025-10-14 18:15:23 [INFO] path=/api/v1/auth/login method=POST status_code=401 cache_hit=unknown duration=33.87ms
2025-10-14 18:15:23 [INFO] path=/api/v1/auth/refresh method=POST status_code=422 cache_hit=unknown duration=3.48ms
2025-10-14 18:15:23 [INFO] path=/api/v1/auth/refresh method=POST status_code=401 cache_hit=unknown duration=17.52ms
2025-10-14 18:15:26 [INFO] path=/api/v1/auth/refresh method=POST status_code=401 cache_hit=unknown duration=20.00ms
2025-10-14 18:15:26 [INFO] path=/api/v1/auth/refresh method=POST status_code=401 cache_hit=unknown duration=21.00ms
2025-10-14 18:17:40 [INFO] path=/api/v1/auth/refresh method=POST status_code=401 cache_hit=unknown duration=26.55ms
2025-10-14 18:17:40 [INFO] path=/api/v1/auth/refresh method=POST status_code=401 cache_hit=unknown duration=54.56ms
2025-10-14 18:17:50 [INFO] path=/api/v1/auth/login method=POST status_code=401 cache_hit=unknown duration=21.95ms
2025-10-14 18:17:50 [INFO] path=/api/v1/auth/refresh method=POST status_code=422 cache_hit=unknown duration=3.74ms
2025-10-14 18:17:50 [INFO] path=/api/v1/auth/refresh method=POST status_code=401 cache_hit=unknown duration=18.20ms
2025-10-14 18:17:53 [INFO] path=/api/v1/auth/refresh method=POST status_code=401 cache_hit=unknown duration=19.45ms
2025-10-14 18:17:53 [INFO] path=/api/v1/auth/refresh method=POST status_code=401 cache_hit=unknown duration=16.90ms
2025-10-14 18:18:47 [INFO] path=/api/v1/auth/login method=POST status_code=401 cache_hit=unknown duration=21.45ms
2025-10-14 18:18:47 [INFO] path=/api/v1/auth/refresh method=POST status_code=422 cache_hit=unknown duration=4.00ms
2025-10-14 18:18:47 [INFO] path=/api/v1/auth/refresh method=POST status_code=401 cache_hit=unknown duration=13.66ms
2025-10-14 18:18:49 [INFO] path=/api/v1/auth/refresh method=POST status_code=401 cache_hit=unknown duration=14.29ms
2025-10-14 18:18:49 [INFO] path=/api/v1/auth/refresh method=POST status_code=401 cache_hit=unknown duration=22.92ms
2025-10-14 18:19:17 [INFO] path=/api/v1/auth/login method=POST status_code=401 cache_hit=unknown duration=21.33ms
2025-10-14 18:19:17 [INFO] path=/api/v1/auth/refresh method=POST status_code=422 cache_hit=unknown duration=3.47ms
2025-10-14 18:19:17 [INFO] path=/api/v1/auth/refresh method=POST status_code=401 cache_hit=unknown duration=15.24ms
2025-10-14 18:19:20 [INFO] path=/api/v1/auth/refresh method=POST status_code=401 cache_hit=unknown duration=47.08ms
2025-10-14 18:19:20 [INFO] path=/api/v1/auth/refresh method=POST status_code=401 cache_hit=unknown duration=45.23ms
2025-10-14 18:29:44 [INFO] path=/api/v1/auth/refresh method=POST status_code=401 cache_hit=unknown duration=20.27ms
2025-10-14 18:29:44 [INFO] path=/api/v1/auth/refresh method=POST status_code=401 cache_hit=unknown duration=23.93ms
2025-10-14 18:29:52 [INFO] path=/api/v1/auth/login method=POST status_code=401 cache_hit=unknown duration=205.00ms
2025-10-14 18:29:52 [INFO] path=/api/v1/auth/refresh method=POST status_code=422 cache_hit=unknown duration=23.01ms
2025-10-14 18:29:52 [INFO] path=/api/v1/auth/refresh method=POST status_code=401 cache_hit=unknown duration=52.00ms
2025-10-14 18:29:55 [INFO] path=/api/v1/auth/refresh method=POST status_code=401 cache_hit=unknown duration=23.76ms
2025-10-14 18:29:55 [INFO] path=/api/v1/auth/refresh method=POST status_code=401 cache_hit=unknown duration=26.03ms
2025-10-14 18:29:58 [INFO] path=/api/v1/auth/login method=POST status_code=401 cache_hit=unknown duration=102.98ms
2025-10-14 18:29:58 [INFO] path=/api/v1/auth/refresh method=POST status_code=422 cache_hit=unknown duration=10.99ms
2025-10-14 18:29:58 [INFO] path=/api/v1/auth/refresh method=POST status_code=401 cache_hit=unknown duration=25.99ms
2025-10-14 18:30:01 [INFO] path=/api/v1/auth/refresh method=POST status_code=401 cache_hit=unknown duration=19.00ms
2025-10-14 18:30:01 [INFO] path=/api/v1/auth/refresh method=POST status_code=401 cache_hit=unknown duration=25.00ms
2025-10-14 18:30:11 [INFO] path=/api/v1/auth/login method=POST status_code=401 cache_hit=unknown duration=24.61ms
2025-10-14 18:30:11 [INFO] path=/api/v1/auth/refresh method=POST status_code=422 cache_hit=unknown duration=2.99ms
2025-10-14 18:30:11 [INFO] path=/api/v1/auth/refresh method=POST status_code=401 cache_hit=unknown duration=15.00ms
2025-10-14 18:30:14 [INFO] path=/api/v1/auth/refresh method=POST status_code=401 cache_hit=unknown duration=101.55ms
2025-10-14 18:30:14 [INFO] path=/api/v1/auth/refresh method=POST status_code=401 cache_hit=unknown duration=99.53ms
2025-10-14 18:34:18 [INFO] path=/api/v1/auth/refresh method=POST status_code=401 cache_hit=unknown duration=16.00ms
2025-10-14 18:34:18 [INFO] path=/api/v1/auth/refresh method=POST status_code=401 cache_hit=unknown duration=22.00ms
2025-10-14 18:34:38 [INFO] path=/api/v1/auth/login method=POST status_code=401 cache_hit=unknown duration=21.55ms
2025-10-14 18:34:38 [INFO] path=/api/v1/auth/refresh method=POST status_code=422 cache_hit=unknown duration=4.00ms
2025-10-14 18:34:38 [INFO] path=/api/v1/auth/refresh method=POST status_code=401 cache_hit=unknown duration=16.77ms
2025-10-14 18:34:41 [INFO] path=/api/v1/auth/refresh method=POST status_code=401 cache_hit=unknown duration=20.01ms
2025-10-14 18:34:41 [INFO] path=/api/v1/auth/refresh method=POST status_code=401 cache_hit=unknown duration=23.82ms
2025-10-14 18:34:47 [INFO] path=/api/v1/auth/login method=POST status_code=401 cache_hit=unknown duration=24.45ms
2025-10-14 18:34:47 [INFO] path=/api/v1/auth/refresh method=POST status_code=422 cache_hit=unknown duration=3.99ms
2025-10-14 18:34:47 [INFO] path=/api/v1/auth/refresh method=POST status_code=401 cache_hit=unknown duration=13.61ms
2025-10-14 18:34:50 [INFO] path=/api/v1/auth/refresh method=POST status_code=401 cache_hit=unknown duration=24.35ms
2025-10-14 18:34:50 [INFO] path=/api/v1/auth/refresh method=POST status_code=401 cache_hit=unknown duration=23.61ms
2025-10-14 18:34:52 [INFO] path=/api/v1/auth/login method=POST status_code=401 cache_hit=unknown duration=29.01ms
2025-10-14 18:34:52 [INFO] path=/api/v1/auth/refresh method=POST status_code=422 cache_hit=unknown duration=3.99ms
2025-10-14 18:34:52 [INFO] path=/api/v1/auth/refresh method=POST status_code=401 cache_hit=unknown duration=15.01ms
2025-10-14 18:34:55 [INFO] path=/api/v1/auth/refresh method=POST status_code=401 cache_hit=unknown duration=23.00ms
2025-10-14 18:34:55 [INFO] path=/api/v1/auth/refresh method=POST status_code=401 cache_hit=unknown duration=25.64ms
2025-10-14 18:34:57 [INFO] path=/api/v1/auth/login method=POST status_code=401 cache_hit=unknown duration=27.00ms
2025-10-14 18:34:57 [INFO] path=/api/v1/auth/refresh method=POST status_code=422 cache_hit=unknown duration=4.00ms
2025-10-14 18:34:57 [INFO] path=/api/v1/auth/refresh method=POST status_code=401 cache_hit=unknown duration=17.99ms
2025-10-14 18:35:00 [INFO] path=/api/v1/auth/refresh method=POST status_code=401 cache_hit=unknown duration=33.01ms
2025-10-14 18:35:00 [INFO] path=/api/v1/auth/refresh method=POST status_code=401 cache_hit=unknown duration=57.67ms
2025-10-14 18:35:03 [INFO] path=/api/v1/auth/refresh method=POST status_code=401 cache_hit=unknown duration=18.00ms
2025-10-14 18:35:03 [INFO] path=/api/v1/auth/refresh method=POST status_code=401 cache_hit=unknown duration=18.00ms
2025-10-14 18:35:05 [INFO] path=/api/v1/auth/refresh method=POST status_code=401 cache_hit=unknown duration=20.43ms
2025-10-14 18:35:05 [INFO] path=/api/v1/auth/refresh method=POST status_code=401 cache_hit=unknown duration=19.70ms
2025-10-14 18:35:08 [INFO] path=/api/v1/auth/refresh method=POST status_code=401 cache_hit=unknown duration=17.00ms
2025-10-14 18:35:08 [INFO] path=/api/v1/auth/refresh method=POST status_code=401 cache_hit=unknown duration=23.00ms
2025-10-14 18:35:13 [INFO] path=/api/v1/auth/login method=POST status_code=401 cache_hit=unknown duration=26.40ms
2025-10-14 18:35:13 [INFO] path=/api/v1/auth/refresh method=POST status_code=422 cache_hit=unknown duration=4.00ms
2025-10-14 18:35:13 [INFO] path=/api/v1/auth/refresh method=POST status_code=401 cache_hit=unknown duration=15.00ms
2025-10-14 18:35:17 [INFO] path=/api/v1/auth/refresh method=POST status_code=401 cache_hit=unknown duration=33.14ms
2025-10-14 18:35:17 [INFO] path=/api/v1/auth/refresh method=POST status_code=401 cache_hit=unknown duration=13.00ms
2025-10-14 18:35:20 [INFO] path=/api/v1/auth/login method=POST status_code=401 cache_hit=unknown duration=24.63ms
2025-10-14 18:35:20 [INFO] path=/api/v1/auth/refresh method=POST status_code=422 cache_hit=unknown duration=4.01ms
2025-10-14 18:35:20 [INFO] path=/api/v1/auth/refresh method=POST status_code=401 cache_hit=unknown duration=16.89ms
2025-10-14 18:35:24 [INFO] path=/api/v1/auth/refresh method=POST status_code=401 cache_hit=unknown duration=18.61ms
2025-10-14 18:35:24 [INFO] path=/api/v1/auth/refresh method=POST status_code=401 cache_hit=unknown duration=20.00ms
2025-10-14 18:44:18 [INFO] path=/api/v1/auth/login method=POST status_code=401 cache_hit=unknown duration=26.57ms
2025-10-14 18:44:19 [INFO] path=/api/v1/auth/refresh method=POST status_code=422 cache_hit=unknown duration=4.02ms
2025-10-14 18:44:19 [INFO] path=/api/v1/auth/refresh method=POST status_code=401 cache_hit=unknown duration=20.71ms
2025-10-14 18:44:22 [INFO] path=/api/v1/auth/refresh method=POST status_code=401 cache_hit=unknown duration=24.78ms
2025-10-14 18:44:22 [INFO] path=/api/v1/auth/refresh method=POST status_code=401 cache_hit=unknown duration=30.14ms
2025-10-14 18:49:47 [INFO] path=/api/v1/auth/login method=POST status_code=401 cache_hit=unknown duration=21.58ms
2025-10-14 18:49:48 [INFO] path=/api/v1/auth/refresh method=POST status_code=422 cache_hit=unknown duration=3.00ms
2025-10-14 18:49:48 [INFO] path=/api/v1/auth/refresh method=POST status_code=401 cache_hit=unknown duration=16.20ms
2025-10-14 18:49:51 [INFO] path=/api/v1/auth/refresh method=POST status_code=401 cache_hit=unknown duration=58.27ms
2025-10-14 18:49:51 [INFO] path=/api/v1/auth/refresh method=POST status_code=401 cache_hit=unknown duration=69.15ms
2025-10-14 19:03:59 [INFO] path=/api/v1/auth/login method=POST status_code=401 cache_hit=unknown duration=690.17ms
2025-10-14 19:06:49 [INFO] path=/api/v1/auth/login method=POST status_code=401 cache_hit=unknown duration=464.20ms
2025-10-14 19:08:24 [INFO] path=/api/v1/auth/login method=POST status_code=200 cache_hit=unknown duration=389.63ms
2025-10-14 19:19:40 [INFO] path=/api/v1/auth/login method=POST status_code=200 cache_hit=unknown duration=370.25ms
2025-10-14 19:24:55 [INFO] path=/api/v1/auth/login method=POST status_code=401 cache_hit=unknown duration=400.38ms
2025-10-14 19:35:10 [INFO] path=/api/v1/auth/login method=POST status_code=401 cache_hit=unknown duration=462.33ms
2025-10-14 19:35:59 [INFO] path=/api/v1/auth/login method=POST status_code=401 cache_hit=unknown duration=364.33ms
2025-10-14 19:41:26 [INFO] path=/api/v1/auth/login method=POST status_code=401 cache_hit=unknown duration=436.86ms
2025-10-14 19:41:41 [INFO] path=/api/v1/auth/login method=POST status_code=200 cache_hit=unknown duration=547.77ms
2025-10-14 19:47:35 [INFO] path=/api/v1/auth/login method=POST status_code=200 cache_hit=unknown duration=588.44ms
2025-10-14 19:47:35 [INFO] path=/api/v1/points method=GET status_code=307 cache_hit=unknown duration=2.63ms
2025-10-14 19:47:35 [INFO] path=/api/v1/redemptions method=GET status_code=307 cache_hit=unknown duration=5.18ms
2025-10-14 19:47:35 [INFO] path=/api/v1/redemptions method=GET status_code=307 cache_hit=unknown duration=3.00ms
2025-10-14 19:47:35 [INFO] path=/api/v1/points/ method=GET status_code=200 cache_hit=false duration=21.65ms
2025-10-14 19:47:35 [INFO] path=/api/v1/redemptions/ method=GET status_code=200 cache_hit=unknown duration=16.63ms
2025-10-14 19:47:35 [INFO] path=/api/v1/redemptions/ method=GET status_code=200 cache_hit=unknown duration=9.67ms
2025-10-14 19:48:29 [INFO] path=/api/v1/redemption-options method=GET status_code=307 cache_hit=unknown duration=2.02ms
2025-10-14 19:48:29 [INFO] path=/api/v1/redemption-options method=GET status_code=307 cache_hit=unknown duration=2.00ms
2025-10-14 19:48:29 [INFO] path=/api/v1/redemption-options/ method=GET status_code=200 cache_hit=unknown duration=89.55ms
2025-10-14 19:48:29 [INFO] path=/api/v1/redemption-options/ method=GET status_code=200 cache_hit=unknown duration=11.59ms
2025-10-14 19:48:53 [INFO] path=/api/v1/redemption-options method=GET status_code=307 cache_hit=unknown duration=2.00ms
2025-10-14 19:48:53 [INFO] path=/api/v1/redemption-options method=GET status_code=307 cache_hit=unknown duration=0.00ms
2025-10-14 19:48:53 [INFO] path=/api/v1/redemption-options/ method=GET status_code=200 cache_hit=unknown duration=11.00ms
2025-10-14 19:48:53 [INFO] path=/api/v1/redemption-options/ method=GET status_code=200 cache_hit=unknown duration=13.98ms
2025-10-14 19:50:50 [INFO] path=/api/v1/pickup method=GET status_code=307 cache_hit=unknown duration=1.00ms
2025-10-14 19:50:50 [INFO] path=/api/v1/pickup/ method=GET status_code=200 cache_hit=false duration=14.84ms
2025-10-14 19:51:08 [INFO] path=/api/v1/pickup method=GET status_code=307 cache_hit=unknown duration=1.00ms
2025-10-14 19:51:08 [INFO] path=/api/v1/pickup/ method=GET status_code=200 cache_hit=true duration=10.99ms
2025-10-14 19:52:15 [INFO] path=/api/v1/redemptions method=GET status_code=307 cache_hit=unknown duration=5.70ms
2025-10-14 19:52:15 [INFO] path=/api/v1/redemptions method=GET status_code=307 cache_hit=unknown duration=33.99ms
2025-10-14 19:52:15 [INFO] path=/api/v1/redemptions/ method=GET status_code=200 cache_hit=unknown duration=52.00ms
2025-10-14 19:52:15 [INFO] path=/api/v1/redemptions/ method=GET status_code=200 cache_hit=unknown duration=26.08ms
2025-10-14 19:52:33 [INFO] path=/api/v1/redemption-options method=GET status_code=307 cache_hit=unknown duration=2.01ms
2025-10-14 19:52:33 [INFO] path=/api/v1/redemption-options method=GET status_code=307 cache_hit=unknown duration=2.01ms
2025-10-14 19:52:33 [INFO] path=/api/v1/redemption-options/ method=GET status_code=200 cache_hit=unknown duration=21.14ms
2025-10-14 19:52:33 [INFO] path=/api/v1/redemption-options/ method=GET status_code=200 cache_hit=unknown duration=24.26ms
2025-10-14 19:52:40 [INFO] path=/api/v1/redemptions method=GET status_code=307 cache_hit=unknown duration=2.00ms
2025-10-14 19:52:41 [INFO] path=/api/v1/redemptions method=GET status_code=307 cache_hit=unknown duration=6.00ms
2025-10-14 19:52:41 [INFO] path=/api/v1/redemptions/ method=GET status_code=200 cache_hit=unknown duration=14.64ms
2025-10-14 19:52:41 [INFO] path=/api/v1/redemptions/ method=GET status_code=200 cache_hit=unknown duration=13.27ms
2025-10-14 19:59:57 [INFO] path=/api/v1/pickup method=GET status_code=307 cache_hit=unknown duration=0.00ms
2025-10-14 19:59:57 [INFO] path=/api/v1/pickup/ method=GET status_code=200 cache_hit=false duration=7.02ms
2025-10-14 20:14:01 [INFO] path=/api/v1/environmental-impact/user/null/summary method=GET status_code=404 cache_hit=unknown duration=6.52ms
2025-10-14 20:14:01 [INFO] path=/api/v1/environmental-impact/user/null/summary method=GET status_code=404 cache_hit=unknown duration=6.80ms
2025-10-14 20:14:01 [INFO] path=/api/v1/environmental-impact/user/null/summary method=GET status_code=404 cache_hit=unknown duration=5.00ms
2025-10-14 20:14:05 [INFO] path=/api/v1/environmental-impact/community method=GET status_code=404 cache_hit=unknown duration=0.00ms
2025-10-14 20:14:07 [INFO] path=/api/v1/environmental-impact/user/null/summary method=GET status_code=404 cache_hit=unknown duration=5.04ms
2025-10-14 20:14:16 [INFO] path=/api/v1/redemption-options method=GET status_code=307 cache_hit=unknown duration=7.44ms
2025-10-14 20:14:16 [INFO] path=/api/v1/redemption-options method=GET status_code=307 cache_hit=unknown duration=39.82ms
2025-10-14 20:14:16 [INFO] path=/api/v1/redemption-options/ method=GET status_code=200 cache_hit=unknown duration=62.09ms
2025-10-14 20:14:17 [INFO] path=/api/v1/redemption-options/ method=GET status_code=200 cache_hit=unknown duration=81.04ms
2025-10-14 20:14:21 [INFO] path=/api/v1/redemptions method=GET status_code=307 cache_hit=unknown duration=1.01ms
2025-10-14 20:14:21 [INFO] path=/api/v1/redemptions method=GET status_code=307 cache_hit=unknown duration=5.10ms
2025-10-14 20:14:21 [INFO] path=/api/v1/redemptions/ method=GET status_code=200 cache_hit=unknown duration=12.84ms
2025-10-14 20:14:21 [INFO] path=/api/v1/redemptions/ method=GET status_code=200 cache_hit=unknown duration=13.64ms
2025-10-14 20:14:27 [INFO] path=/api/v1/redemption-options method=GET status_code=307 cache_hit=unknown duration=1.99ms
2025-10-14 20:14:27 [INFO] path=/api/v1/redemption-options method=GET status_code=307 cache_hit=unknown duration=2.00ms
2025-10-14 20:14:27 [INFO] path=/api/v1/redemption-options/ method=GET status_code=200 cache_hit=unknown duration=9.00ms
2025-10-14 20:14:27 [INFO] path=/api/v1/redemption-options/ method=GET status_code=200 cache_hit=unknown duration=11.76ms
2025-10-14 20:14:33 [INFO] path=/api/v1/pickup method=GET status_code=307 cache_hit=unknown duration=1.00ms
2025-10-14 20:14:33 [INFO] path=/api/v1/pickup/ method=GET status_code=200 cache_hit=false duration=15.00ms
2025-10-14 20:14:55 [INFO] path=/api/v1/redemption-options method=GET status_code=307 cache_hit=unknown duration=1.07ms
2025-10-14 20:14:55 [INFO] path=/api/v1/redemption-options method=GET status_code=307 cache_hit=unknown duration=4.68ms
2025-10-14 20:14:55 [INFO] path=/api/v1/redemption-options/ method=GET status_code=200 cache_hit=unknown duration=11.00ms
2025-10-14 20:14:55 [INFO] path=/api/v1/redemption-options/ method=GET status_code=200 cache_hit=unknown duration=11.59ms
2025-10-14 20:15:03 [INFO] path=/api/v1/pickup method=GET status_code=307 cache_hit=unknown duration=0.00ms
2025-10-14 20:15:03 [INFO] path=/api/v1/pickup/ method=GET status_code=200 cache_hit=true duration=4.72ms
2025-10-14 20:17:48 [INFO] path=/api/v1/pickup method=GET status_code=307 cache_hit=unknown duration=0.00ms
2025-10-14 20:17:48 [INFO] path=/api/v1/pickup/ method=GET status_code=200 cache_hit=true duration=27.91ms
2025-10-14 20:17:50 [INFO] path=/api/v1/environmental-impact/user/null/summary method=GET status_code=404 cache_hit=unknown duration=1.00ms
2025-10-14 20:17:51 [INFO] path=/api/v1/environmental-impact/user/null/summary method=GET status_code=404 cache_hit=unknown duration=1.59ms
2025-10-14 20:17:51 [INFO] path=/api/v1/environmental-impact/user/null/summary method=GET status_code=404 cache_hit=unknown duration=2.00ms
2025-10-14 20:17:53 [INFO] path=/api/v1/environmental-impact/community method=GET status_code=404 cache_hit=unknown duration=2.23ms
2025-10-14 20:17:55 [INFO] path=/api/v1/redemption-options method=GET status_code=307 cache_hit=unknown duration=0.99ms
2025-10-14 20:17:55 [INFO] path=/api/v1/redemption-options method=GET status_code=307 cache_hit=unknown duration=1.33ms
2025-10-14 20:17:55 [INFO] path=/api/v1/redemption-options/ method=GET status_code=200 cache_hit=unknown duration=8.01ms
2025-10-14 20:17:55 [INFO] path=/api/v1/redemption-options/ method=GET status_code=200 cache_hit=unknown duration=7.69ms
2025-10-14 20:17:57 [INFO] path=/api/v1/redemptions method=GET status_code=307 cache_hit=unknown duration=1.00ms
2025-10-14 20:17:57 [INFO] path=/api/v1/redemptions method=GET status_code=307 cache_hit=unknown duration=6.09ms
2025-10-14 20:17:57 [INFO] path=/api/v1/redemptions/ method=GET status_code=200 cache_hit=unknown duration=13.01ms
2025-10-14 20:17:57 [INFO] path=/api/v1/redemptions/ method=GET status_code=200 cache_hit=unknown duration=17.53ms
2025-10-14 20:22:52 [INFO] path=/api/v1/pickup method=GET status_code=307 cache_hit=unknown duration=0.00ms
2025-10-14 20:22:52 [INFO] path=/api/v1/pickup/ method=GET status_code=200 cache_hit=false duration=12.23ms
2025-10-14 20:23:12 [INFO] path=/api/v1/pickup method=GET status_code=307 cache_hit=unknown duration=0.00ms
2025-10-14 20:23:12 [INFO] path=/api/v1/pickup/ method=GET status_code=200 cache_hit=true duration=7.79ms
2025-10-14 20:23:14 [INFO] path=/api/v1/environmental-impact/user/null/summary method=GET status_code=404 cache_hit=unknown duration=1.02ms
2025-10-14 20:23:14 [INFO] path=/api/v1/environmental-impact/user/null/summary method=GET status_code=404 cache_hit=unknown duration=2.00ms
2025-10-14 20:23:14 [INFO] path=/api/v1/environmental-impact/user/null/summary method=GET status_code=404 cache_hit=unknown duration=1.88ms
2025-10-14 20:23:16 [INFO] path=/api/v1/redemption-options method=GET status_code=307 cache_hit=unknown duration=1.00ms
2025-10-14 20:23:16 [INFO] path=/api/v1/redemption-options method=GET status_code=307 cache_hit=unknown duration=1.55ms
2025-10-14 20:23:16 [INFO] path=/api/v1/redemption-options/ method=GET status_code=200 cache_hit=unknown duration=8.00ms
2025-10-14 20:23:16 [INFO] path=/api/v1/redemption-options/ method=GET status_code=200 cache_hit=unknown duration=10.43ms
2025-10-14 20:23:18 [INFO] path=/api/v1/redemptions method=GET status_code=307 cache_hit=unknown duration=0.60ms
2025-10-14 20:23:18 [INFO] path=/api/v1/redemptions method=GET status_code=307 cache_hit=unknown duration=4.65ms
2025-10-14 20:23:18 [INFO] path=/api/v1/redemptions/ method=GET status_code=200 cache_hit=unknown duration=7.01ms
2025-10-14 20:23:18 [INFO] path=/api/v1/redemptions/ method=GET status_code=200 cache_hit=unknown duration=8.99ms
2025-10-14 20:23:23 [INFO] path=/api/v1/redemption-options method=GET status_code=307 cache_hit=unknown duration=1.00ms
2025-10-14 20:23:23 [INFO] path=/api/v1/redemption-options method=GET status_code=307 cache_hit=unknown duration=4.72ms
2025-10-14 20:23:23 [INFO] path=/api/v1/redemption-options/ method=GET status_code=200 cache_hit=unknown duration=8.00ms
2025-10-14 20:23:23 [INFO] path=/api/v1/redemption-options/ method=GET status_code=200 cache_hit=unknown duration=7.38ms
2025-10-14 20:23:25 [INFO] path=/api/v1/redemptions method=GET status_code=307 cache_hit=unknown duration=1.18ms
2025-10-14 20:23:25 [INFO] path=/api/v1/redemptions method=GET status_code=307 cache_hit=unknown duration=4.01ms
2025-10-14 20:23:25 [INFO] path=/api/v1/redemptions/ method=GET status_code=200 cache_hit=unknown duration=8.15ms
2025-10-14 20:23:25 [INFO] path=/api/v1/redemptions/ method=GET status_code=200 cache_hit=unknown duration=10.08ms
2025-10-14 20:23:31 [INFO] path=/api/v1/environmental-impact/user/null/summary method=GET status_code=404 cache_hit=unknown duration=2.99ms
2025-10-14 20:23:31 [INFO] path=/api/v1/environmental-impact/user/null/summary method=GET status_code=404 cache_hit=unknown duration=1.81ms
2025-10-14 20:23:31 [INFO] path=/api/v1/environmental-impact/user/null/summary method=GET status_code=404 cache_hit=unknown duration=1.48ms
2025-10-14 20:23:38 [INFO] path=/api/v1/environmental-impact/community method=GET status_code=404 cache_hit=unknown duration=0.00ms
2025-10-14 20:24:21 [INFO] path=/api/v1/environmental-impact/user/null/summary method=GET status_code=404 cache_hit=unknown duration=2.61ms
2025-10-14 20:24:21 [INFO] path=/api/v1/environmental-impact/user/null/summary method=GET status_code=404 cache_hit=unknown duration=7.63ms
2025-10-14 20:24:21 [INFO] path=/api/v1/environmental-impact/user/null/summary method=GET status_code=404 cache_hit=unknown duration=3.00ms
2025-10-14 20:30:15 [INFO] path=/api/v1/pickup method=GET status_code=307 cache_hit=unknown duration=0.00ms
2025-10-14 20:30:15 [INFO] path=/api/v1/pickup/ method=GET status_code=200 cache_hit=false duration=8.50ms
2025-10-14 20:30:19 [INFO] path=/api/v1/pickup method=GET status_code=307 cache_hit=unknown duration=6.71ms
2025-10-14 20:30:20 [INFO] path=/api/v1/pickup/ method=GET status_code=200 cache_hit=true duration=6.54ms
2025-10-14 20:30:40 [INFO] path=/api/v1/redemptions method=GET status_code=307 cache_hit=unknown duration=0.00ms
2025-10-14 20:30:40 [INFO] path=/api/v1/redemptions method=GET status_code=307 cache_hit=unknown duration=1.00ms
2025-10-14 20:30:40 [INFO] path=/api/v1/redemptions/ method=GET status_code=200 cache_hit=unknown duration=8.01ms
2025-10-14 20:30:40 [INFO] path=/api/v1/redemptions/ method=GET status_code=200 cache_hit=unknown duration=7.00ms
2025-10-14 20:30:42 [INFO] path=/api/v1/pickup method=GET status_code=307 cache_hit=unknown duration=1.00ms
2025-10-14 20:30:42 [INFO] path=/api/v1/pickup/ method=GET status_code=200 cache_hit=true duration=6.00ms
2025-10-14 20:30:49 [INFO] path=/api/v1/pickup method=GET status_code=307 cache_hit=unknown duration=0.00ms
2025-10-14 20:30:49 [INFO] path=/api/v1/pickup/ method=GET status_code=200 cache_hit=true duration=7.08ms
2025-10-14 20:30:51 [INFO] path=/api/v1/environmental-impact/user/null/summary method=GET status_code=404 cache_hit=unknown duration=1.97ms
2025-10-14 20:30:51 [INFO] path=/api/v1/environmental-impact/user/null/summary method=GET status_code=404 cache_hit=unknown duration=0.00ms
2025-10-14 20:30:51 [INFO] path=/api/v1/environmental-impact/user/null/summary method=GET status_code=404 cache_hit=unknown duration=2.00ms
2025-10-14 20:30:56 [INFO] path=/api/v1/redemption-options method=GET status_code=307 cache_hit=unknown duration=2.87ms
2025-10-14 20:30:56 [INFO] path=/api/v1/redemption-options method=GET status_code=307 cache_hit=unknown duration=4.99ms
2025-10-14 20:30:56 [INFO] path=/api/v1/redemption-options/ method=GET status_code=200 cache_hit=unknown duration=11.40ms
2025-10-14 20:30:56 [INFO] path=/api/v1/redemption-options/ method=GET status_code=200 cache_hit=unknown duration=10.04ms
2025-10-14 20:31:00 [INFO] path=/api/v1/redemptions method=GET status_code=307 cache_hit=unknown duration=6.83ms
2025-10-14 20:31:00 [INFO] path=/api/v1/redemptions method=GET status_code=307 cache_hit=unknown duration=23.74ms
2025-10-14 20:31:00 [INFO] path=/api/v1/redemptions/ method=GET status_code=200 cache_hit=unknown duration=177.16ms
2025-10-14 20:31:00 [INFO] path=/api/v1/redemptions/ method=GET status_code=200 cache_hit=unknown duration=12.58ms
2025-10-14 20:38:39 [INFO] path=/api/v1/pickup method=GET status_code=307 cache_hit=unknown duration=4.99ms
2025-10-14 20:38:39 [INFO] path=/api/v1/pickup/ method=GET status_code=200 cache_hit=false duration=58.00ms
2025-10-14 20:38:45 [INFO] path=/api/v1/environmental-impact/user/null/summary method=GET status_code=404 cache_hit=unknown duration=2.01ms
2025-10-14 20:38:45 [INFO] path=/api/v1/environmental-impact/user/null/summary method=GET status_code=404 cache_hit=unknown duration=2.00ms
2025-10-14 20:38:45 [INFO] path=/api/v1/environmental-impact/user/null/summary method=GET status_code=404 cache_hit=unknown duration=3.86ms
2025-10-14 20:38:48 [INFO] path=/api/v1/redemption-options method=GET status_code=307 cache_hit=unknown duration=1.12ms
2025-10-14 20:38:48 [INFO] path=/api/v1/redemption-options method=GET status_code=307 cache_hit=unknown duration=1.16ms
2025-10-14 20:38:48 [INFO] path=/api/v1/redemption-options/ method=GET status_code=200 cache_hit=unknown duration=7.85ms
2025-10-14 20:38:48 [INFO] path=/api/v1/redemption-options/ method=GET status_code=200 cache_hit=unknown duration=10.50ms
2025-10-14 20:38:49 [INFO] path=/api/v1/redemptions method=GET status_code=307 cache_hit=unknown duration=0.99ms
2025-10-14 20:38:49 [INFO] path=/api/v1/redemptions method=GET status_code=307 cache_hit=unknown duration=5.79ms
2025-10-14 20:38:49 [INFO] path=/api/v1/redemptions/ method=GET status_code=200 cache_hit=unknown duration=9.15ms
2025-10-14 20:38:49 [INFO] path=/api/v1/redemptions/ method=GET status_code=200 cache_hit=unknown duration=9.01ms
2025-10-14 20:39:14 [INFO] path=/api/v1/environmental-impact/user/null/summary method=GET status_code=404 cache_hit=unknown duration=0.92ms
2025-10-14 20:39:14 [INFO] path=/api/v1/environmental-impact/user/null/summary method=GET status_code=404 cache_hit=unknown duration=1.00ms
2025-10-14 20:39:14 [INFO] path=/api/v1/environmental-impact/user/null/summary method=GET status_code=404 cache_hit=unknown duration=1.00ms
2025-10-14 21:30:06 [INFO] path=/api/v1/auth/login method=POST status_code=400 cache_hit=unknown duration=9.17ms
2025-10-14 21:30:06 [INFO] path=/api/v1/auth/login method=POST status_code=400 cache_hit=unknown duration=8.78ms
2025-10-14 21:30:06 [INFO] path=/api/v1/environmental-impact/impact method=GET status_code=200 cache_hit=unknown duration=11.80ms
2025-10-14 21:30:06 [INFO] path=/api/v1/environmental-impact/impact method=GET status_code=200 cache_hit=unknown duration=12.34ms
2025-10-14 21:30:07 [INFO] path=/api/v1/auth/refresh method=POST status_code=422 cache_hit=unknown duration=10.40ms
2025-10-14 21:30:07 [INFO] path=/api/v1/auth/refresh method=POST status_code=422 cache_hit=unknown duration=10.00ms
2025-10-14 21:30:07 [INFO] path=/api/v1/auth/refresh method=POST status_code=401 cache_hit=unknown duration=16.94ms
2025-10-14 21:30:07 [INFO] path=/api/v1/auth/refresh method=POST status_code=401 cache_hit=unknown duration=14.00ms
2025-10-14 21:30:07 [INFO] path=/api/v1/auth/login method=POST status_code=200 cache_hit=unknown duration=483.97ms
2025-10-14 21:30:07 [INFO] path=/api/v1/points method=GET status_code=307 cache_hit=unknown duration=3.62ms
2025-10-14 21:30:07 [INFO] path=/api/v1/redemptions method=GET status_code=307 cache_hit=unknown duration=3.00ms
2025-10-14 21:30:07 [INFO] path=/api/v1/redemptions method=GET status_code=307 cache_hit=unknown duration=2.94ms
2025-10-14 21:30:07 [INFO] path=/api/v1/points/ method=GET status_code=200 cache_hit=false duration=31.64ms
2025-10-14 21:30:07 [INFO] path=/api/v1/redemptions/ method=GET status_code=200 cache_hit=unknown duration=49.04ms
2025-10-14 21:30:07 [INFO] path=/api/v1/redemptions/ method=GET status_code=200 cache_hit=unknown duration=10.28ms
2025-10-14 21:30:10 [INFO] path=/api/v1/points method=GET status_code=307 cache_hit=unknown duration=1.99ms
2025-10-14 21:30:10 [INFO] path=/api/v1/redemptions method=GET status_code=307 cache_hit=unknown duration=2.99ms
2025-10-14 21:30:10 [INFO] path=/api/v1/points/ method=GET status_code=200 cache_hit=true duration=14.00ms
2025-10-14 21:30:10 [INFO] path=/api/v1/redemptions method=GET status_code=307 cache_hit=unknown duration=2.00ms
2025-10-14 21:30:10 [INFO] path=/api/v1/redemptions/ method=GET status_code=200 cache_hit=unknown duration=7.99ms
2025-10-14 21:30:10 [INFO] path=/api/v1/redemptions/ method=GET status_code=200 cache_hit=unknown duration=3.00ms
2025-10-14 21:30:23 [INFO] path=/api/v1/environmental-impact/impact method=GET status_code=200 cache_hit=unknown duration=1.44ms
2025-10-14 21:30:59 [INFO] path=/api/v1/pickup method=GET status_code=307 cache_hit=unknown duration=0.00ms
2025-10-14 21:30:59 [INFO] path=/api/v1/pickup/ method=GET status_code=200 cache_hit=false duration=21.21ms
2025-10-14 21:37:23 [INFO] path=/api/v1/pickup method=GET status_code=307 cache_hit=unknown duration=2.00ms
2025-10-14 21:37:23 [INFO] path=/api/v1/pickup/ method=GET status_code=200 cache_hit=false duration=9.00ms
2025-10-14 21:37:38 [INFO] path=/api/v1/redemption-options method=GET status_code=307 cache_hit=unknown duration=1.99ms
2025-10-14 21:37:38 [INFO] path=/api/v1/redemption-options method=GET status_code=307 cache_hit=unknown duration=2.01ms
2025-10-14 21:37:38 [INFO] path=/api/v1/redemption-options/ method=GET status_code=200 cache_hit=unknown duration=18.69ms
2025-10-14 21:37:38 [INFO] path=/api/v1/redemption-options/ method=GET status_code=200 cache_hit=unknown duration=13.00ms
2025-10-14 21:37:40 [INFO] path=/api/v1/redemptions method=GET status_code=307 cache_hit=unknown duration=2.70ms
2025-10-14 21:37:40 [INFO] path=/api/v1/redemptions method=GET status_code=307 cache_hit=unknown duration=8.00ms
2025-10-14 21:37:40 [INFO] path=/api/v1/redemptions/ method=GET status_code=200 cache_hit=unknown duration=15.06ms
2025-10-14 21:37:40 [INFO] path=/api/v1/redemptions/ method=GET status_code=200 cache_hit=unknown duration=13.00ms
2025-10-14 21:39:02 [INFO] path=/api/v1/redemptions method=GET status_code=307 cache_hit=unknown duration=1.00ms
2025-10-14 21:39:02 [INFO] path=/api/v1/redemptions method=GET status_code=307 cache_hit=unknown duration=37.00ms
2025-10-14 21:39:02 [INFO] path=/api/v1/redemptions/ method=GET status_code=200 cache_hit=unknown duration=13.60ms
2025-10-14 21:39:02 [INFO] path=/api/v1/redemptions/ method=GET status_code=200 cache_hit=unknown duration=15.00ms
2025-10-14 21:44:04 [INFO] path=/api/v1/auth/refresh method=POST status_code=401 cache_hit=unknown duration=78.41ms
2025-10-14 21:44:04 [INFO] path=/api/v1/auth/refresh method=POST status_code=401 cache_hit=unknown duration=95.54ms
2025-10-14 21:44:08 [INFO] path=/api/v1/auth/login method=POST status_code=200 cache_hit=unknown duration=437.20ms
2025-10-14 21:44:08 [INFO] path=/api/v1/redemptions method=GET status_code=307 cache_hit=unknown duration=1.70ms
2025-10-14 21:44:08 [INFO] path=/api/v1/redemptions method=GET status_code=307 cache_hit=unknown duration=0.69ms
2025-10-14 21:44:08 [INFO] path=/api/v1/redemptions/ method=GET status_code=200 cache_hit=unknown duration=14.13ms
2025-10-14 21:44:08 [INFO] path=/api/v1/redemptions/ method=GET status_code=200 cache_hit=unknown duration=9.26ms
2025-10-16 01:37:53 [INFO] path=/api/v1/environmental/impacts method=GET status_code=404 cache_hit=unknown duration=0.00ms
2025-10-16 01:38:32 [INFO] path=/api/v1/environmental/impacts method=GET status_code=200 cache_hit=unknown duration=0.00ms
